[2015.09.07-20.12.29:469][  0]Log file open, 09/07/15 22:12:29
[2015.09.07-20.12.29:469][  0]LogInit:Display: Running engine for game: Chris
[2015.09.07-20.12.29:469][  0]LogInit:Display: RandInit(1236598565) SRandInit(1236598565).
[2015.09.07-20.12.29:469][  0]LogTaskGraph: Started task graph with 4 named threads and 7 total threads.
[2015.09.07-20.12.29:469][  0]LogStats: Stats thread started at 0.066288
[2015.09.07-20.12.29:469][  0]LogInit: Version: 4.9.0-2672455+++depot+UE4-Releases+4.9
[2015.09.07-20.12.29:469][  0]LogInit: API Version: 2672455
[2015.09.07-20.12.29:469][  0]LogInit: Compiled (64-bit): Aug 28 2015 12:33:01
[2015.09.07-20.12.29:469][  0]LogInit: Compiled with Visual C++: 18.00.21005.01
[2015.09.07-20.12.29:469][  0]LogInit: Build Configuration: Development
[2015.09.07-20.12.29:469][  0]LogInit: Branch Name: ++depot+UE4-Releases+4.9
[2015.09.07-20.12.29:469][  0]LogInit: Command line:  
[2015.09.07-20.12.29:469][  0]LogInit: Base directory: I:/Program Files/Epic Games/4.9/Engine/Binaries/Win64/
[2015.09.07-20.12.29:469][  0]LogInit: Rocket: 1
[2015.09.07-20.12.29:475][  0]LogInit: Using libcurl 7.41.0
[2015.09.07-20.12.29:475][  0]LogInit:  - built for x86_64-pc-win32
[2015.09.07-20.12.29:475][  0]LogInit:  - supports SSL with WinSSL
[2015.09.07-20.12.29:475][  0]LogInit:  - other features:
[2015.09.07-20.12.29:475][  0]LogInit:      CURL_VERSION_SSL
[2015.09.07-20.12.29:475][  0]LogInit:      CURL_VERSION_IPV6
[2015.09.07-20.12.29:475][  0]LogInit:      CURL_VERSION_ASYNCHDNS
[2015.09.07-20.12.29:475][  0]LogInit:      CURL_VERSION_LARGEFILE
[2015.09.07-20.12.29:475][  0]LogInit:      CURL_VERSION_IDN
[2015.09.07-20.12.29:475][  0]LogInit:  CurlRequestOptions (configurable via config and command line):
[2015.09.07-20.12.29:475][  0]LogInit:  - bVerifyPeer = true  - Libcurl will verify peer certificate
[2015.09.07-20.12.29:475][  0]LogInit:  - bUseHttpProxy = false  - Libcurl will NOT use HTTP proxy
[2015.09.07-20.12.29:475][  0]LogInit:  - bDontReuseConnections = false  - Libcurl will reuse connections
[2015.09.07-20.12.29:475][  0]LogInit:  - CertBundlePath = nullptr  - Libcurl will use whatever was configured at build time.
[2015.09.07-20.12.29:491][  0]LogInit: WinSock: version 1.1 (2.2), MaxSocks=32767, MaxUdp=65467
[2015.09.07-20.12.29:495][  0]LogVoice:Warning: Failed to initialize voice interface
[2015.09.07-20.12.29:497][  0]LogInit: Presizing for 0 objects not considered by GC, pre-allocating 0 bytes.
[2015.09.07-20.12.29:502][  0]LogInit: Object subsystem initialized
[2015.09.07-20.12.29:510][  0]LogInit: Selected Device Profile: [Windows]
[2015.09.07-20.12.29:510][  0]LogInit: Applying CVar settings loaded from the selected device profile: [Windows]
[2015.09.07-20.12.29:514][  0]LogInit: Computer: CHRIS-PC
[2015.09.07-20.12.29:514][  0]LogInit: User: Chris
[2015.09.07-20.12.29:514][  0]LogInit: CPU Page size=4096, Cores=4
[2015.09.07-20.12.29:514][  0]LogInit: High frequency timer resolution =3.410074 MHz
[2015.09.07-20.12.29:514][  0]LogMemory: Memory total: Physical=15.9GB (16GB approx)
[2015.09.07-20.12.29:514][  0]LogMemory: Platform Memory Stats for Windows
[2015.09.07-20.12.29:514][  0]LogMemory: Process Physical Memory: 55.61 MB used, 55.61 MB peak
[2015.09.07-20.12.29:514][  0]LogMemory: Process Virtual Memory: 57.66 MB used, 57.66 MB peak
[2015.09.07-20.12.29:514][  0]LogMemory: Physical Memory: 7472.11 MB used, 16325.25 MB total
[2015.09.07-20.12.29:514][  0]LogMemory: Virtual Memory: 370.80 MB used, 134217728.00 MB total
[2015.09.07-20.12.29:539][  0]LogTextLocalizationManager: No translations for ('de-DE') exist, falling back to 'en' for localization and internationalization data.
[2015.09.07-20.12.30:101][  0]LogD3D11RHI: Found D3D11 adapter 0: AMD Radeon R9 200 Series (Feature Level 11_0)
[2015.09.07-20.12.30:101][  0]LogD3D11RHI: Adapter has 4075MB of dedicated video memory, 0MB of dedicated system memory, and 8162MB of shared system memory, 2 output[s]
[2015.09.07-20.12.30:102][  0]LogD3D11RHI: Found D3D11 adapter 1: Microsoft Basic Render Driver (Feature Level 11_0)
[2015.09.07-20.12.30:102][  0]LogD3D11RHI: Adapter has 0MB of dedicated video memory, 0MB of dedicated system memory, and 8162MB of shared system memory, 0 output[s]
[2015.09.07-20.12.30:102][  0]LogD3D11RHI: Chosen D3D11 Adapter Id = 0
[2015.09.07-20.12.30:105][  0]LogD3D11RHI: !Direct3DDevice
[2015.09.07-20.12.30:105][  0]LogRHI: Texture pool is 1361 MB (70% of 1945 MB)
[2015.09.07-20.12.30:112][  0]LogD3D11RHI: Async texture creation disabled: no driver support
[2015.09.07-20.12.30:123][  0]LogShaderCompilers: Guid format shader working directory is 15 characters bigger than the processId version (G:/Unreal Projects/UnrealChris/Chris/Intermediate/Shaders/WorkingDirectory/3584/).
[2015.09.07-20.12.30:123][  0]LogShaderCompilers: Cleaned the shader compiler working directory 'G:/Unreal Projects/UnrealChris/Chris/Intermediate/Shaders/tmp/641E15F34A589E6FA748AA96CF4EECFA/'.
[2015.09.07-20.12.30:123][  0]LogShaderCompilers:Display: Using Local Shader Compiler.
[2015.09.07-20.12.30:816][  0]LogTemp:Display: Loaded TP AllDesktopTargetPlatform
[2015.09.07-20.12.30:820][  0]LogTemp:Display: Loaded TP WindowsClientTargetPlatform
[2015.09.07-20.12.30:824][  0]LogTemp:Display: Loaded TP WindowsNoEditorTargetPlatform
[2015.09.07-20.12.30:828][  0]LogTemp:Display: Loaded TP WindowsServerTargetPlatform
[2015.09.07-20.12.30:831][  0]LogTemp:Display: Loaded TP WindowsTargetPlatform
[2015.09.07-20.12.30:834][  0]LogTemp:Display: Loaded TP AndroidTargetPlatform
[2015.09.07-20.12.30:836][  0]LogTemp:Display: Loaded TP Android_ASTCTargetPlatform
[2015.09.07-20.12.30:839][  0]LogTemp:Display: Loaded TP Android_ATCTargetPlatform
[2015.09.07-20.12.30:841][  0]LogTemp:Display: Loaded TP Android_DXTTargetPlatform
[2015.09.07-20.12.30:844][  0]LogTemp:Display: Loaded TP Android_ETC1TargetPlatform
[2015.09.07-20.12.30:846][  0]LogTemp:Display: Loaded TP Android_ETC2TargetPlatform
[2015.09.07-20.12.30:849][  0]LogTemp:Display: Loaded TP Android_PVRTCTargetPlatform
[2015.09.07-20.12.30:849][  0]LogTemp:Display: Loaded TP HTML5TargetPlatform
[2015.09.07-20.12.30:865][  0]LogTemp:Display: Loaded TP IOSTargetPlatform
[2015.09.07-20.12.30:867][  0]LogTemp:Display: Loaded TP LinuxNoEditorTargetPlatform
[2015.09.07-20.12.30:869][  0]LogTemp:Display: Loaded TP LinuxServerTargetPlatform
[2015.09.07-20.12.30:872][  0]LogTemp:Display: Loaded TP LinuxTargetPlatform
[2015.09.07-20.12.30:872][  0]LogTargetPlatformManager:Display: Building Assets For Windows
[2015.09.07-20.12.30:932][  0]LogDerivedDataCache:Display: Max Cache Size: 512 MB
[2015.09.07-20.12.30:969][  0]LogDerivedDataCache: Loaded boot cache 0.04s 45MB C:/Users/Chris/AppData/Local/UnrealEngine/4.9/DerivedDataCache/Boot.ddc.
[2015.09.07-20.12.30:969][  0]LogDerivedDataCache:Display: Loaded Boot cache: C:/Users/Chris/AppData/Local/UnrealEngine/4.9/DerivedDataCache/Boot.ddc
[2015.09.07-20.12.30:969][  0]LogDerivedDataCache: FDerivedDataBackendGraph:  Pak pak cache file G:/Unreal Projects/UnrealChris/Chris/DerivedDataCache/DDC.ddp not found, will not use a pak cache.
[2015.09.07-20.12.30:969][  0]LogDerivedDataCache: Unable to find inner node Pak for hierarchical cache Hierarchy.
[2015.09.07-20.12.30:969][  0]LogDerivedDataCache: FDerivedDataBackendGraph:  CompressedPak pak cache file G:/Unreal Projects/UnrealChris/Chris/DerivedDataCache/Compressed.ddp not found, will not use a pak cache.
[2015.09.07-20.12.30:969][  0]LogDerivedDataCache: Unable to find inner node CompressedPak for hierarchical cache Hierarchy.
[2015.09.07-20.12.31:072][  0]LogDerivedDataCache:Display: Pak cache opened for reading ../../../Engine/DerivedDataCache/Compressed.ddp.
[2015.09.07-20.12.31:084][  0]LogDerivedDataCache: Using Local data cache path C:/Users/Chris/AppData/Local/UnrealEngine/Common/DerivedDataCache: Writable
[2015.09.07-20.12.31:207][  0]LogInit: Selected Device Profile: [Windows]
[2015.09.07-20.12.31:209][  0]LogContentStreaming: Texture pool size is 0.000000MB
[2015.09.07-20.12.31:296][  0]LogMeshUtilities: No automatic mesh reduction module available
[2015.09.07-20.12.31:296][  0]LogMeshUtilities: No automatic mesh merging module available
[2015.09.07-20.12.32:054][  0]UdpMessaging: Initializing bridge on interface 0.0.0.0:0 to multicast group 230.0.0.1:6666.
[2015.09.07-20.12.32:140][  0]LogAssetRegistry: FAssetRegistry took 0.0111 seconds to start up
[2015.09.07-20.12.32:256][  0]SourceControl: Info Source control is disabled
[2015.09.07-20.12.32:265][  0]SourceControl: Info Source control is disabled
[2015.09.07-20.12.32:273][  0]SourceControl: Info Source control is disabled
[2015.09.07-20.12.32:281][  0]SourceControl: Info Source control is disabled
[2015.09.07-20.12.32:377][  0]LogLinker:Warning: Asset '../../../Engine/Plugins/Runtime/LeapMotionController/Content/LM_PassthroughMaterial.uasset' has been saved with empty engine version. The asset will be loaded but may be incompatible.
[2015.09.07-20.12.32:430][  0]LogObj: 28361 objects as part of root set at end of initial load.
[2015.09.07-20.12.32:430][  0]LogUObjectAllocator: 6038872 out of 0 bytes used by permanent object pool.
[2015.09.07-20.12.32:475][  0]LogEngine: Initializing Engine...
[2015.09.07-20.12.32:476][  0]LogHMD: Can't find Oculus library dev build: is proper Runtime installed? Version: 0.6.0.0
[2015.09.07-20.12.32:479][  0]LogHMD: SteamVR failed to initialize.  Err: 108
[2015.09.07-20.12.32:569][  0]LogAIModule: Creating AISystem for world NewWorld
[2015.09.07-20.12.32:583][  0]LogInit: XAudio2 using 'Lautsprecher (ASUS Xonar D2X Audio Device)' : 8 channels at 44.1 kHz using 16 bits per sample (channel mask 0x63f)
[2015.09.07-20.12.32:588][  0]LogInit: FAudioDevice initialized.
[2015.09.07-20.12.32:608][  0]LogDerivedDataCache: Saved boot cache 0.02s 45MB C:/Users/Chris/AppData/Local/UnrealEngine/4.9/DerivedDataCache/Boot.ddc.
[2015.09.07-20.12.32:610][  0]LogInit: Texture streaming: Enabled
[2015.09.07-20.12.32:614][  0]LogAnalytics: Creating configured Analytics provider AnalyticsET
[2015.09.07-20.12.32:614][  0]LogAnalytics: [UEEditor.Rocket.Release] APIServer = http://et2.epicgames.com/ET2/. AppVersion = 4.9.0-2672455+++depot+UE4-Releases+4.9
[2015.09.07-20.12.32:614][  0]LogAnalytics: [UEEditor.Rocket.Release] SetUserId 72b18d03420193d4c7214892ba77b6e9|3b21aa2a685344279819a5385e0ee1d5|184fd9ef-6563-4a57-978a-47dd2b9d438e
[2015.09.07-20.12.32:614][  0]LogAnalytics: [UEEditor.Rocket.Release] AnalyticsET::StartSession
[2015.09.07-20.12.32:623][  0]LogWindowsTextInputMethodSystem:Display: IME system now deactivated.
[2015.09.07-20.12.32:635][  0]LogInit: Transaction tracking system initialized
[2015.09.07-20.12.32:655][  0]BlueprintLog: New page: Editor Load
[2015.09.07-20.12.32:710][  0]LocalizationService: Info Localization service is disabled
[2015.09.07-20.12.32:853][  0]LogConsoleResponse:Display: 
[2015.09.07-20.12.32:933][  0]LogCook:Display: Done creating registry. It took  0.00s.
[2015.09.07-20.12.32:975][  0]LogFileCache: Scanning file cache for directory 'G:/Unreal Projects/UnrealChris/Chris/Content/' took 0.01s
[2015.09.07-20.12.32:975][  0]SourceControl: Info Source control is disabled
[2015.09.07-20.12.32:975][  0]LogFactory: FactoryCreateBinary: PackFactory with PackFactory (0 0 I:/Program Files/Epic Games/4.9/FeaturePacks/StarterContent.upack)
[2015.09.07-20.12.32:979][  0]LogPackFactory: Finished extracting 8 files (including 0 errors).
[2015.09.07-20.12.32:979][  0]LogPackFactory: Copied "../../../Samples/StarterContent/Content/StarterContent/Architecture/Floor_400x400.uasset" to "G:/Unreal Projects/UnrealChris/Chris/Content/StarterContent/Architecture/Floor_400x400.uasset"
[2015.09.07-20.12.32:979][  0]LogPackFactory: Copied "../../../Samples/StarterContent/Content/StarterContent/Architecture/Pillar_50x500.uasset" to "G:/Unreal Projects/UnrealChris/Chris/Content/StarterContent/Architecture/Pillar_50x500.uasset"
[2015.09.07-20.12.32:980][  0]LogPackFactory: Copied "../../../Samples/StarterContent/Content/StarterContent/Architecture/SM_AssetPlatform.uasset" to "G:/Unreal Projects/UnrealChris/Chris/Content/StarterContent/Architecture/SM_AssetPlatform.uasset"
[2015.09.07-20.12.32:980][  0]LogPackFactory: Copied "../../../Samples/StarterContent/Content/StarterContent/Architecture/Wall_400x200.uasset" to "G:/Unreal Projects/UnrealChris/Chris/Content/StarterContent/Architecture/Wall_400x200.uasset"
[2015.09.07-20.12.32:980][  0]LogPackFactory: Copied "../../../Samples/StarterContent/Content/StarterContent/Architecture/Wall_400x300.uasset" to "G:/Unreal Projects/UnrealChris/Chris/Content/StarterContent/Architecture/Wall_400x300.uasset"
[2015.09.07-20.12.32:980][  0]LogPackFactory: Copied "../../../Samples/StarterContent/Content/StarterContent/Architecture/Wall_400x400.uasset" to "G:/Unreal Projects/UnrealChris/Chris/Content/StarterContent/Architecture/Wall_400x400.uasset"
[2015.09.07-20.12.32:981][  0]LogPackFactory: Copied "../../../Samples/StarterContent/Content/StarterContent/Architecture/Wall_500x500.uasset" to "G:/Unreal Projects/UnrealChris/Chris/Content/StarterContent/Architecture/Wall_500x500.uasset"
[2015.09.07-20.12.32:981][  0]LogPackFactory: Copied "../../../Samples/StarterContent/Content/StarterContent/Architecture/Wall_Door_400x300.uasset" to "G:/Unreal Projects/UnrealChris/Chris/Content/StarterContent/Architecture/Wall_Door_400x300.uasset"
[2015.09.07-20.12.32:981][  0]LogPackFactory: Copied "../../../Samples/StarterContent/Content/StarterContent/Architecture/Wall_Door_400x400.uasset" to "G:/Unreal Projects/UnrealChris/Chris/Content/StarterContent/Architecture/Wall_Door_400x400.uasset"
[2015.09.07-20.12.32:981][  0]LogPackFactory: Copied "../../../Samples/StarterContent/Content/StarterContent/Architecture/Wall_Window_400x300.uasset" to "G:/Unreal Projects/UnrealChris/Chris/Content/StarterContent/Architecture/Wall_Window_400x300.uasset"
[2015.09.07-20.12.32:982][  0]LogPackFactory: Copied "../../../Samples/StarterContent/Content/StarterContent/Architecture/Wall_Window_400x400.uasset" to "G:/Unreal Projects/UnrealChris/Chris/Content/StarterContent/Architecture/Wall_Window_400x400.uasset"
[2015.09.07-20.12.32:982][  0]LogPackFactory: Copied "../../../Samples/StarterContent/Content/StarterContent/Audio/Collapse01.uasset" to "G:/Unreal Projects/UnrealChris/Chris/Content/StarterContent/Audio/Collapse01.uasset"
[2015.09.07-20.12.32:982][  0]LogPackFactory: Copied "../../../Samples/StarterContent/Content/StarterContent/Audio/Collapse02.uasset" to "G:/Unreal Projects/UnrealChris/Chris/Content/StarterContent/Audio/Collapse02.uasset"
[2015.09.07-20.12.32:982][  0]LogPackFactory: Copied "../../../Samples/StarterContent/Content/StarterContent/Audio/Collapse_Cue.uasset" to "G:/Unreal Projects/UnrealChris/Chris/Content/StarterContent/Audio/Collapse_Cue.uasset"
[2015.09.07-20.12.32:983][  0]LogPackFactory: Copied "../../../Samples/StarterContent/Content/StarterContent/Audio/Explosion01.uasset" to "G:/Unreal Projects/UnrealChris/Chris/Content/StarterContent/Audio/Explosion01.uasset"
[2015.09.07-20.12.32:983][  0]LogPackFactory: Copied "../../../Samples/StarterContent/Content/StarterContent/Audio/Explosion02.uasset" to "G:/Unreal Projects/UnrealChris/Chris/Content/StarterContent/Audio/Explosion02.uasset"
[2015.09.07-20.12.32:983][  0]LogPackFactory: Copied "../../../Samples/StarterContent/Content/StarterContent/Audio/Explosion_Cue.uasset" to "G:/Unreal Projects/UnrealChris/Chris/Content/StarterContent/Audio/Explosion_Cue.uasset"
[2015.09.07-20.12.32:984][  0]LogPackFactory: Copied "../../../Samples/StarterContent/Content/StarterContent/Audio/Fire01.uasset" to "G:/Unreal Projects/UnrealChris/Chris/Content/StarterContent/Audio/Fire01.uasset"
[2015.09.07-20.12.32:984][  0]LogPackFactory: Copied "../../../Samples/StarterContent/Content/StarterContent/Audio/Fire01_Cue.uasset" to "G:/Unreal Projects/UnrealChris/Chris/Content/StarterContent/Audio/Fire01_Cue.uasset"
[2015.09.07-20.12.32:985][  0]LogPackFactory: Copied "../../../Samples/StarterContent/Content/StarterContent/Audio/Fire_Sparks01.uasset" to "G:/Unreal Projects/UnrealChris/Chris/Content/StarterContent/Audio/Fire_Sparks01.uasset"
[2015.09.07-20.12.32:985][  0]LogPackFactory: Copied "../../../Samples/StarterContent/Content/StarterContent/Audio/Fire_Sparks01_Cue.uasset" to "G:/Unreal Projects/UnrealChris/Chris/Content/StarterContent/Audio/Fire_Sparks01_Cue.uasset"
[2015.09.07-20.12.32:985][  0]LogPackFactory: Copied "../../../Samples/StarterContent/Content/StarterContent/Audio/Light01.uasset" to "G:/Unreal Projects/UnrealChris/Chris/Content/StarterContent/Audio/Light01.uasset"
[2015.09.07-20.12.32:985][  0]LogPackFactory: Copied "../../../Samples/StarterContent/Content/StarterContent/Audio/Light01_Cue.uasset" to "G:/Unreal Projects/UnrealChris/Chris/Content/StarterContent/Audio/Light01_Cue.uasset"
[2015.09.07-20.12.32:986][  0]LogPackFactory: Copied "../../../Samples/StarterContent/Content/StarterContent/Audio/Light02.uasset" to "G:/Unreal Projects/UnrealChris/Chris/Content/StarterContent/Audio/Light02.uasset"
[2015.09.07-20.12.32:986][  0]LogPackFactory: Copied "../../../Samples/StarterContent/Content/StarterContent/Audio/Light02_Cue.uasset" to "G:/Unreal Projects/UnrealChris/Chris/Content/StarterContent/Audio/Light02_Cue.uasset"
[2015.09.07-20.12.32:986][  0]LogPackFactory: Copied "../../../Samples/StarterContent/Content/StarterContent/Audio/Smoke01.uasset" to "G:/Unreal Projects/UnrealChris/Chris/Content/StarterContent/Audio/Smoke01.uasset"
[2015.09.07-20.12.32:986][  0]LogPackFactory: Copied "../../../Samples/StarterContent/Content/StarterContent/Audio/Smoke01_Cue.uasset" to "G:/Unreal Projects/UnrealChris/Chris/Content/StarterContent/Audio/Smoke01_Cue.uasset"
[2015.09.07-20.12.32:987][  0]LogPackFactory: Copied "../../../Samples/StarterContent/Content/StarterContent/Audio/Starter_Background_Cue.uasset" to "G:/Unreal Projects/UnrealChris/Chris/Content/StarterContent/Audio/Starter_Background_Cue.uasset"
[2015.09.07-20.12.32:989][  0]LogPackFactory: Copied "../../../Samples/StarterContent/Content/StarterContent/Audio/Starter_Birds01.uasset" to "G:/Unreal Projects/UnrealChris/Chris/Content/StarterContent/Audio/Starter_Birds01.uasset"
[2015.09.07-20.12.32:993][  0]LogPackFactory: Copied "../../../Samples/StarterContent/Content/StarterContent/Audio/Starter_Music01.uasset" to "G:/Unreal Projects/UnrealChris/Chris/Content/StarterContent/Audio/Starter_Music01.uasset"
[2015.09.07-20.12.32:994][  0]LogPackFactory: Copied "../../../Samples/StarterContent/Content/StarterContent/Audio/Starter_Music_Cue.uasset" to "G:/Unreal Projects/UnrealChris/Chris/Content/StarterContent/Audio/Starter_Music_Cue.uasset"
[2015.09.07-20.12.32:995][  0]LogPackFactory: Copied "../../../Samples/StarterContent/Content/StarterContent/Audio/Starter_Wind05.uasset" to "G:/Unreal Projects/UnrealChris/Chris/Content/StarterContent/Audio/Starter_Wind05.uasset"
[2015.09.07-20.12.32:996][  0]LogPackFactory: Copied "../../../Samples/StarterContent/Content/StarterContent/Audio/Starter_Wind06.uasset" to "G:/Unreal Projects/UnrealChris/Chris/Content/StarterContent/Audio/Starter_Wind06.uasset"
[2015.09.07-20.12.32:997][  0]LogPackFactory: Copied "../../../Samples/StarterContent/Content/StarterContent/Audio/Steam01.uasset" to "G:/Unreal Projects/UnrealChris/Chris/Content/StarterContent/Audio/Steam01.uasset"
[2015.09.07-20.12.32:997][  0]LogPackFactory: Copied "../../../Samples/StarterContent/Content/StarterContent/Audio/Steam01_Cue.uasset" to "G:/Unreal Projects/UnrealChris/Chris/Content/StarterContent/Audio/Steam01_Cue.uasset"
[2015.09.07-20.12.32:997][  0]LogPackFactory: Copied "../../../Samples/StarterContent/Content/StarterContent/Blueprints/Blueprint_CeilingLight.uasset" to "G:/Unreal Projects/UnrealChris/Chris/Content/StarterContent/Blueprints/Blueprint_CeilingLight.uasset"
[2015.09.07-20.12.32:998][  0]LogPackFactory: Copied "../../../Samples/StarterContent/Content/StarterContent/Blueprints/Blueprint_Effect_Explosion.uasset" to "G:/Unreal Projects/UnrealChris/Chris/Content/StarterContent/Blueprints/Blueprint_Effect_Explosion.uasset"
[2015.09.07-20.12.32:998][  0]LogPackFactory: Copied "../../../Samples/StarterContent/Content/StarterContent/Blueprints/Blueprint_Effect_Fire.uasset" to "G:/Unreal Projects/UnrealChris/Chris/Content/StarterContent/Blueprints/Blueprint_Effect_Fire.uasset"
[2015.09.07-20.12.32:998][  0]LogPackFactory: Copied "../../../Samples/StarterContent/Content/StarterContent/Blueprints/Blueprint_Effect_Smoke.uasset" to "G:/Unreal Projects/UnrealChris/Chris/Content/StarterContent/Blueprints/Blueprint_Effect_Smoke.uasset"
[2015.09.07-20.12.32:998][  0]LogPackFactory: Copied "../../../Samples/StarterContent/Content/StarterContent/Blueprints/Blueprint_Effect_Sparks.uasset" to "G:/Unreal Projects/UnrealChris/Chris/Content/StarterContent/Blueprints/Blueprint_Effect_Sparks.uasset"
[2015.09.07-20.12.32:998][  0]LogPackFactory: Copied "../../../Samples/StarterContent/Content/StarterContent/Blueprints/Blueprint_Effect_Steam.uasset" to "G:/Unreal Projects/UnrealChris/Chris/Content/StarterContent/Blueprints/Blueprint_Effect_Steam.uasset"
[2015.09.07-20.12.32:999][  0]LogPackFactory: Copied "../../../Samples/StarterContent/Content/StarterContent/Blueprints/Blueprint_WallSconce.uasset" to "G:/Unreal Projects/UnrealChris/Chris/Content/StarterContent/Blueprints/Blueprint_WallSconce.uasset"
[2015.09.07-20.12.32:999][  0]LogPackFactory: Copied "../../../Samples/StarterContent/Content/StarterContent/Blueprints/BP_LightStudio.uasset" to "G:/Unreal Projects/UnrealChris/Chris/Content/StarterContent/Blueprints/BP_LightStudio.uasset"
[2015.09.07-20.12.32:999][  0]LogPackFactory: Copied "../../../Samples/StarterContent/Content/StarterContent/Blueprints/Assets/FogBrightnessLUT.uasset" to "G:/Unreal Projects/UnrealChris/Chris/Content/StarterContent/Blueprints/Assets/FogBrightnessLUT.uasset"
[2015.09.07-20.12.32:999][  0]LogPackFactory: Copied "../../../Samples/StarterContent/Content/StarterContent/Blueprints/Assets/M_LightStage_Arrows.uasset" to "G:/Unreal Projects/UnrealChris/Chris/Content/StarterContent/Blueprints/Assets/M_LightStage_Arrows.uasset"
[2015.09.07-20.12.33:000][  0]LogPackFactory: Copied "../../../Samples/StarterContent/Content/StarterContent/Blueprints/Assets/M_LightStage_Skybox_Black.uasset" to "G:/Unreal Projects/UnrealChris/Chris/Content/StarterContent/Blueprints/Assets/M_LightStage_Skybox_Black.uasset"
[2015.09.07-20.12.33:000][  0]LogPackFactory: Copied "../../../Samples/StarterContent/Content/StarterContent/Blueprints/Assets/M_LightStage_Skybox_HDRI.uasset" to "G:/Unreal Projects/UnrealChris/Chris/Content/StarterContent/Blueprints/Assets/M_LightStage_Skybox_HDRI.uasset"
[2015.09.07-20.12.33:000][  0]LogPackFactory: Copied "../../../Samples/StarterContent/Content/StarterContent/Blueprints/Assets/M_LightStage_Skybox_Master.uasset" to "G:/Unreal Projects/UnrealChris/Chris/Content/StarterContent/Blueprints/Assets/M_LightStage_Skybox_Master.uasset"
[2015.09.07-20.12.33:001][  0]LogPackFactory: Copied "../../../Samples/StarterContent/Content/StarterContent/Blueprints/Assets/Skybox.uasset" to "G:/Unreal Projects/UnrealChris/Chris/Content/StarterContent/Blueprints/Assets/Skybox.uasset"
[2015.09.07-20.12.33:001][  0]LogPackFactory: Copied "../../../Samples/StarterContent/Content/StarterContent/Blueprints/Assets/SM_Arrows.uasset" to "G:/Unreal Projects/UnrealChris/Chris/Content/StarterContent/Blueprints/Assets/SM_Arrows.uasset"
[2015.09.07-20.12.33:002][  0]LogPackFactory: Copied "../../../Samples/StarterContent/Content/StarterContent/Blueprints/Assets/SunlightColorLUT.uasset" to "G:/Unreal Projects/UnrealChris/Chris/Content/StarterContent/Blueprints/Assets/SunlightColorLUT.uasset"
[2015.09.07-20.12.33:042][  0]LogPackFactory: Copied "../../../Samples/StarterContent/Content/StarterContent/HDRI/HDRI_Epic_Courtyard_Daylight.uasset" to "G:/Unreal Projects/UnrealChris/Chris/Content/StarterContent/HDRI/HDRI_Epic_Courtyard_Daylight.uasset"
[2015.09.07-20.12.33:043][  0]LogPackFactory: Copied "../../../Samples/StarterContent/Content/StarterContent/Maps/Advanced_Lighting.umap" to "G:/Unreal Projects/UnrealChris/Chris/Content/StarterContent/Maps/Advanced_Lighting.umap"
[2015.09.07-20.12.33:044][  0]LogPackFactory: Copied "../../../Samples/StarterContent/Content/StarterContent/Maps/Minimal_Default.umap" to "G:/Unreal Projects/UnrealChris/Chris/Content/StarterContent/Maps/Minimal_Default.umap"
[2015.09.07-20.12.33:053][  0]LogPackFactory: Copied "../../../Samples/StarterContent/Content/StarterContent/Maps/StarterMap.umap" to "G:/Unreal Projects/UnrealChris/Chris/Content/StarterContent/Maps/StarterMap.umap"
[2015.09.07-20.12.33:053][  0]LogPackFactory: Copied "../../../Samples/StarterContent/Content/StarterContent/Materials/M_AssetPlatform.uasset" to "G:/Unreal Projects/UnrealChris/Chris/Content/StarterContent/Materials/M_AssetPlatform.uasset"
[2015.09.07-20.12.33:053][  0]LogPackFactory: Copied "../../../Samples/StarterContent/Content/StarterContent/Materials/M_Basic_Floor.uasset" to "G:/Unreal Projects/UnrealChris/Chris/Content/StarterContent/Materials/M_Basic_Floor.uasset"
[2015.09.07-20.12.33:053][  0]LogPackFactory: Copied "../../../Samples/StarterContent/Content/StarterContent/Materials/M_Basic_Wall.uasset" to "G:/Unreal Projects/UnrealChris/Chris/Content/StarterContent/Materials/M_Basic_Wall.uasset"
[2015.09.07-20.12.33:054][  0]LogPackFactory: Copied "../../../Samples/StarterContent/Content/StarterContent/Materials/M_Brick_Clay_Beveled.uasset" to "G:/Unreal Projects/UnrealChris/Chris/Content/StarterContent/Materials/M_Brick_Clay_Beveled.uasset"
[2015.09.07-20.12.33:054][  0]LogPackFactory: Copied "../../../Samples/StarterContent/Content/StarterContent/Materials/M_Brick_Clay_New.uasset" to "G:/Unreal Projects/UnrealChris/Chris/Content/StarterContent/Materials/M_Brick_Clay_New.uasset"
[2015.09.07-20.12.33:054][  0]LogPackFactory: Copied "../../../Samples/StarterContent/Content/StarterContent/Materials/M_Brick_Clay_Old.uasset" to "G:/Unreal Projects/UnrealChris/Chris/Content/StarterContent/Materials/M_Brick_Clay_Old.uasset"
[2015.09.07-20.12.33:054][  0]LogPackFactory: Copied "../../../Samples/StarterContent/Content/StarterContent/Materials/M_Brick_Cut_Stone.uasset" to "G:/Unreal Projects/UnrealChris/Chris/Content/StarterContent/Materials/M_Brick_Cut_Stone.uasset"
[2015.09.07-20.12.33:055][  0]LogPackFactory: Copied "../../../Samples/StarterContent/Content/StarterContent/Materials/M_Brick_Hewn_Stone.uasset" to "G:/Unreal Projects/UnrealChris/Chris/Content/StarterContent/Materials/M_Brick_Hewn_Stone.uasset"
[2015.09.07-20.12.33:055][  0]LogPackFactory: Copied "../../../Samples/StarterContent/Content/StarterContent/Materials/M_Ceramic_Tile_Checker.uasset" to "G:/Unreal Projects/UnrealChris/Chris/Content/StarterContent/Materials/M_Ceramic_Tile_Checker.uasset"
[2015.09.07-20.12.33:055][  0]LogPackFactory: Copied "../../../Samples/StarterContent/Content/StarterContent/Materials/M_CobbleStone_Pebble.uasset" to "G:/Unreal Projects/UnrealChris/Chris/Content/StarterContent/Materials/M_CobbleStone_Pebble.uasset"
[2015.09.07-20.12.33:055][  0]LogPackFactory: Copied "../../../Samples/StarterContent/Content/StarterContent/Materials/M_CobbleStone_Rough.uasset" to "G:/Unreal Projects/UnrealChris/Chris/Content/StarterContent/Materials/M_CobbleStone_Rough.uasset"
[2015.09.07-20.12.33:056][  0]LogPackFactory: Copied "../../../Samples/StarterContent/Content/StarterContent/Materials/M_CobbleStone_Smooth.uasset" to "G:/Unreal Projects/UnrealChris/Chris/Content/StarterContent/Materials/M_CobbleStone_Smooth.uasset"
[2015.09.07-20.12.33:056][  0]LogPackFactory: Copied "../../../Samples/StarterContent/Content/StarterContent/Materials/M_ColorGrid_LowSpec.uasset" to "G:/Unreal Projects/UnrealChris/Chris/Content/StarterContent/Materials/M_ColorGrid_LowSpec.uasset"
[2015.09.07-20.12.33:056][  0]LogPackFactory: Copied "../../../Samples/StarterContent/Content/StarterContent/Materials/M_Concrete_Grime.uasset" to "G:/Unreal Projects/UnrealChris/Chris/Content/StarterContent/Materials/M_Concrete_Grime.uasset"
[2015.09.07-20.12.33:057][  0]LogPackFactory: Copied "../../../Samples/StarterContent/Content/StarterContent/Materials/M_Concrete_Panels.uasset" to "G:/Unreal Projects/UnrealChris/Chris/Content/StarterContent/Materials/M_Concrete_Panels.uasset"
[2015.09.07-20.12.33:057][  0]LogPackFactory: Copied "../../../Samples/StarterContent/Content/StarterContent/Materials/M_Concrete_Poured.uasset" to "G:/Unreal Projects/UnrealChris/Chris/Content/StarterContent/Materials/M_Concrete_Poured.uasset"
[2015.09.07-20.12.33:057][  0]LogPackFactory: Copied "../../../Samples/StarterContent/Content/StarterContent/Materials/M_Concrete_Tiles.uasset" to "G:/Unreal Projects/UnrealChris/Chris/Content/StarterContent/Materials/M_Concrete_Tiles.uasset"
[2015.09.07-20.12.33:057][  0]LogPackFactory: Copied "../../../Samples/StarterContent/Content/StarterContent/Materials/M_Glass.uasset" to "G:/Unreal Projects/UnrealChris/Chris/Content/StarterContent/Materials/M_Glass.uasset"
[2015.09.07-20.12.33:057][  0]LogPackFactory: Copied "../../../Samples/StarterContent/Content/StarterContent/Materials/M_Ground_Grass.uasset" to "G:/Unreal Projects/UnrealChris/Chris/Content/StarterContent/Materials/M_Ground_Grass.uasset"
[2015.09.07-20.12.33:058][  0]LogPackFactory: Copied "../../../Samples/StarterContent/Content/StarterContent/Materials/M_Ground_Gravel.uasset" to "G:/Unreal Projects/UnrealChris/Chris/Content/StarterContent/Materials/M_Ground_Gravel.uasset"
[2015.09.07-20.12.33:058][  0]LogPackFactory: Copied "../../../Samples/StarterContent/Content/StarterContent/Materials/M_Ground_Moss.uasset" to "G:/Unreal Projects/UnrealChris/Chris/Content/StarterContent/Materials/M_Ground_Moss.uasset"
[2015.09.07-20.12.33:058][  0]LogPackFactory: Copied "../../../Samples/StarterContent/Content/StarterContent/Materials/M_Metal_Brushed_Nickel.uasset" to "G:/Unreal Projects/UnrealChris/Chris/Content/StarterContent/Materials/M_Metal_Brushed_Nickel.uasset"
[2015.09.07-20.12.33:058][  0]LogPackFactory: Copied "../../../Samples/StarterContent/Content/StarterContent/Materials/M_Metal_Burnished_Steel.uasset" to "G:/Unreal Projects/UnrealChris/Chris/Content/StarterContent/Materials/M_Metal_Burnished_Steel.uasset"
[2015.09.07-20.12.33:059][  0]LogPackFactory: Copied "../../../Samples/StarterContent/Content/StarterContent/Materials/M_Metal_Chrome.uasset" to "G:/Unreal Projects/UnrealChris/Chris/Content/StarterContent/Materials/M_Metal_Chrome.uasset"
[2015.09.07-20.12.33:059][  0]LogPackFactory: Copied "../../../Samples/StarterContent/Content/StarterContent/Materials/M_Metal_Copper.uasset" to "G:/Unreal Projects/UnrealChris/Chris/Content/StarterContent/Materials/M_Metal_Copper.uasset"
[2015.09.07-20.12.33:059][  0]LogPackFactory: Copied "../../../Samples/StarterContent/Content/StarterContent/Materials/M_Metal_Gold.uasset" to "G:/Unreal Projects/UnrealChris/Chris/Content/StarterContent/Materials/M_Metal_Gold.uasset"
[2015.09.07-20.12.33:059][  0]LogPackFactory: Copied "../../../Samples/StarterContent/Content/StarterContent/Materials/M_Metal_Rust.uasset" to "G:/Unreal Projects/UnrealChris/Chris/Content/StarterContent/Materials/M_Metal_Rust.uasset"
[2015.09.07-20.12.33:060][  0]LogPackFactory: Copied "../../../Samples/StarterContent/Content/StarterContent/Materials/M_Metal_Steel.uasset" to "G:/Unreal Projects/UnrealChris/Chris/Content/StarterContent/Materials/M_Metal_Steel.uasset"
[2015.09.07-20.12.33:060][  0]LogPackFactory: Copied "../../../Samples/StarterContent/Content/StarterContent/Materials/M_Rock_Basalt.uasset" to "G:/Unreal Projects/UnrealChris/Chris/Content/StarterContent/Materials/M_Rock_Basalt.uasset"
[2015.09.07-20.12.33:060][  0]LogPackFactory: Copied "../../../Samples/StarterContent/Content/StarterContent/Materials/M_Rock_Marble_Polished.uasset" to "G:/Unreal Projects/UnrealChris/Chris/Content/StarterContent/Materials/M_Rock_Marble_Polished.uasset"
[2015.09.07-20.12.33:060][  0]LogPackFactory: Copied "../../../Samples/StarterContent/Content/StarterContent/Materials/M_Rock_Sandstone.uasset" to "G:/Unreal Projects/UnrealChris/Chris/Content/StarterContent/Materials/M_Rock_Sandstone.uasset"
[2015.09.07-20.12.33:061][  0]LogPackFactory: Copied "../../../Samples/StarterContent/Content/StarterContent/Materials/M_Rock_Slate.uasset" to "G:/Unreal Projects/UnrealChris/Chris/Content/StarterContent/Materials/M_Rock_Slate.uasset"
[2015.09.07-20.12.33:061][  0]LogPackFactory: Copied "../../../Samples/StarterContent/Content/StarterContent/Materials/M_Tech_Checker_Dot.uasset" to "G:/Unreal Projects/UnrealChris/Chris/Content/StarterContent/Materials/M_Tech_Checker_Dot.uasset"
[2015.09.07-20.12.33:061][  0]LogPackFactory: Copied "../../../Samples/StarterContent/Content/StarterContent/Materials/M_Tech_Hex_Tile.uasset" to "G:/Unreal Projects/UnrealChris/Chris/Content/StarterContent/Materials/M_Tech_Hex_Tile.uasset"
[2015.09.07-20.12.33:061][  0]LogPackFactory: Copied "../../../Samples/StarterContent/Content/StarterContent/Materials/M_Tech_Hex_Tile_Pulse.uasset" to "G:/Unreal Projects/UnrealChris/Chris/Content/StarterContent/Materials/M_Tech_Hex_Tile_Pulse.uasset"
[2015.09.07-20.12.33:062][  0]LogPackFactory: Copied "../../../Samples/StarterContent/Content/StarterContent/Materials/M_Tech_Panel.uasset" to "G:/Unreal Projects/UnrealChris/Chris/Content/StarterContent/Materials/M_Tech_Panel.uasset"
[2015.09.07-20.12.33:062][  0]LogPackFactory: Copied "../../../Samples/StarterContent/Content/StarterContent/Materials/M_Water_Lake.uasset" to "G:/Unreal Projects/UnrealChris/Chris/Content/StarterContent/Materials/M_Water_Lake.uasset"
[2015.09.07-20.12.33:062][  0]LogPackFactory: Copied "../../../Samples/StarterContent/Content/StarterContent/Materials/M_Water_Ocean.uasset" to "G:/Unreal Projects/UnrealChris/Chris/Content/StarterContent/Materials/M_Water_Ocean.uasset"
[2015.09.07-20.12.33:062][  0]LogPackFactory: Copied "../../../Samples/StarterContent/Content/StarterContent/Materials/M_Wood_Floor_Walnut_Polished.uasset" to "G:/Unreal Projects/UnrealChris/Chris/Content/StarterContent/Materials/M_Wood_Floor_Walnut_Polished.uasset"
[2015.09.07-20.12.33:063][  0]LogPackFactory: Copied "../../../Samples/StarterContent/Content/StarterContent/Materials/M_Wood_Floor_Walnut_Worn.uasset" to "G:/Unreal Projects/UnrealChris/Chris/Content/StarterContent/Materials/M_Wood_Floor_Walnut_Worn.uasset"
[2015.09.07-20.12.33:063][  0]LogPackFactory: Copied "../../../Samples/StarterContent/Content/StarterContent/Materials/M_Wood_Oak.uasset" to "G:/Unreal Projects/UnrealChris/Chris/Content/StarterContent/Materials/M_Wood_Oak.uasset"
[2015.09.07-20.12.33:063][  0]LogPackFactory: Copied "../../../Samples/StarterContent/Content/StarterContent/Materials/M_Wood_Pine.uasset" to "G:/Unreal Projects/UnrealChris/Chris/Content/StarterContent/Materials/M_Wood_Pine.uasset"
[2015.09.07-20.12.33:063][  0]LogPackFactory: Copied "../../../Samples/StarterContent/Content/StarterContent/Materials/M_Wood_Walnut.uasset" to "G:/Unreal Projects/UnrealChris/Chris/Content/StarterContent/Materials/M_Wood_Walnut.uasset"
[2015.09.07-20.12.33:063][  0]LogPackFactory: Copied "../../../Samples/StarterContent/Content/StarterContent/Particles/P_Ambient_Dust.uasset" to "G:/Unreal Projects/UnrealChris/Chris/Content/StarterContent/Particles/P_Ambient_Dust.uasset"
[2015.09.07-20.12.33:064][  0]LogPackFactory: Copied "../../../Samples/StarterContent/Content/StarterContent/Particles/P_Explosion.uasset" to "G:/Unreal Projects/UnrealChris/Chris/Content/StarterContent/Particles/P_Explosion.uasset"
[2015.09.07-20.12.33:064][  0]LogPackFactory: Copied "../../../Samples/StarterContent/Content/StarterContent/Particles/P_Fire.uasset" to "G:/Unreal Projects/UnrealChris/Chris/Content/StarterContent/Particles/P_Fire.uasset"
[2015.09.07-20.12.33:064][  0]LogPackFactory: Copied "../../../Samples/StarterContent/Content/StarterContent/Particles/P_Smoke.uasset" to "G:/Unreal Projects/UnrealChris/Chris/Content/StarterContent/Particles/P_Smoke.uasset"
[2015.09.07-20.12.33:065][  0]LogPackFactory: Copied "../../../Samples/StarterContent/Content/StarterContent/Particles/P_Sparks.uasset" to "G:/Unreal Projects/UnrealChris/Chris/Content/StarterContent/Particles/P_Sparks.uasset"
[2015.09.07-20.12.33:065][  0]LogPackFactory: Copied "../../../Samples/StarterContent/Content/StarterContent/Particles/P_Steam_Lit.uasset" to "G:/Unreal Projects/UnrealChris/Chris/Content/StarterContent/Particles/P_Steam_Lit.uasset"
[2015.09.07-20.12.33:065][  0]LogPackFactory: Copied "../../../Samples/StarterContent/Content/StarterContent/Particles/Materials/M_Burst.uasset" to "G:/Unreal Projects/UnrealChris/Chris/Content/StarterContent/Particles/Materials/M_Burst.uasset"
[2015.09.07-20.12.33:065][  0]LogPackFactory: Copied "../../../Samples/StarterContent/Content/StarterContent/Particles/Materials/M_Dust_Particle.uasset" to "G:/Unreal Projects/UnrealChris/Chris/Content/StarterContent/Particles/Materials/M_Dust_Particle.uasset"
[2015.09.07-20.12.33:066][  0]LogPackFactory: Copied "../../../Samples/StarterContent/Content/StarterContent/Particles/Materials/M_explosion_subUV.uasset" to "G:/Unreal Projects/UnrealChris/Chris/Content/StarterContent/Particles/Materials/M_explosion_subUV.uasset"
[2015.09.07-20.12.33:066][  0]LogPackFactory: Copied "../../../Samples/StarterContent/Content/StarterContent/Particles/Materials/M_Fire_SubUV.uasset" to "G:/Unreal Projects/UnrealChris/Chris/Content/StarterContent/Particles/Materials/M_Fire_SubUV.uasset"
[2015.09.07-20.12.33:066][  0]LogPackFactory: Copied "../../../Samples/StarterContent/Content/StarterContent/Particles/Materials/m_flare_01.uasset" to "G:/Unreal Projects/UnrealChris/Chris/Content/StarterContent/Particles/Materials/m_flare_01.uasset"
[2015.09.07-20.12.33:066][  0]LogPackFactory: Copied "../../../Samples/StarterContent/Content/StarterContent/Particles/Materials/M_Heat_Distortion.uasset" to "G:/Unreal Projects/UnrealChris/Chris/Content/StarterContent/Particles/Materials/M_Heat_Distortion.uasset"
[2015.09.07-20.12.33:066][  0]LogPackFactory: Copied "../../../Samples/StarterContent/Content/StarterContent/Particles/Materials/M_Radial_Gradient.uasset" to "G:/Unreal Projects/UnrealChris/Chris/Content/StarterContent/Particles/Materials/M_Radial_Gradient.uasset"
[2015.09.07-20.12.33:067][  0]LogPackFactory: Copied "../../../Samples/StarterContent/Content/StarterContent/Particles/Materials/M_radial_ramp.uasset" to "G:/Unreal Projects/UnrealChris/Chris/Content/StarterContent/Particles/Materials/M_radial_ramp.uasset"
[2015.09.07-20.12.33:067][  0]LogPackFactory: Copied "../../../Samples/StarterContent/Content/StarterContent/Particles/Materials/M_smoke_subUV.uasset" to "G:/Unreal Projects/UnrealChris/Chris/Content/StarterContent/Particles/Materials/M_smoke_subUV.uasset"
[2015.09.07-20.12.33:067][  0]LogPackFactory: Copied "../../../Samples/StarterContent/Content/StarterContent/Particles/Materials/M_Spark.uasset" to "G:/Unreal Projects/UnrealChris/Chris/Content/StarterContent/Particles/Materials/M_Spark.uasset"
[2015.09.07-20.12.33:067][  0]LogPackFactory: Copied "../../../Samples/StarterContent/Content/StarterContent/Props/MaterialSphere.uasset" to "G:/Unreal Projects/UnrealChris/Chris/Content/StarterContent/Props/MaterialSphere.uasset"
[2015.09.07-20.12.33:068][  0]LogPackFactory: Copied "../../../Samples/StarterContent/Content/StarterContent/Props/SM_Bush.uasset" to "G:/Unreal Projects/UnrealChris/Chris/Content/StarterContent/Props/SM_Bush.uasset"
[2015.09.07-20.12.33:068][  0]LogPackFactory: Copied "../../../Samples/StarterContent/Content/StarterContent/Props/SM_Chair.uasset" to "G:/Unreal Projects/UnrealChris/Chris/Content/StarterContent/Props/SM_Chair.uasset"
[2015.09.07-20.12.33:068][  0]LogPackFactory: Copied "../../../Samples/StarterContent/Content/StarterContent/Props/SM_CornerFrame.uasset" to "G:/Unreal Projects/UnrealChris/Chris/Content/StarterContent/Props/SM_CornerFrame.uasset"
[2015.09.07-20.12.33:069][  0]LogPackFactory: Copied "../../../Samples/StarterContent/Content/StarterContent/Props/SM_Couch.uasset" to "G:/Unreal Projects/UnrealChris/Chris/Content/StarterContent/Props/SM_Couch.uasset"
[2015.09.07-20.12.33:069][  0]LogPackFactory: Copied "../../../Samples/StarterContent/Content/StarterContent/Props/SM_Door.uasset" to "G:/Unreal Projects/UnrealChris/Chris/Content/StarterContent/Props/SM_Door.uasset"
[2015.09.07-20.12.33:069][  0]LogPackFactory: Copied "../../../Samples/StarterContent/Content/StarterContent/Props/SM_DoorFrame.uasset" to "G:/Unreal Projects/UnrealChris/Chris/Content/StarterContent/Props/SM_DoorFrame.uasset"
[2015.09.07-20.12.33:069][  0]LogPackFactory: Copied "../../../Samples/StarterContent/Content/StarterContent/Props/SM_GlassWindow.uasset" to "G:/Unreal Projects/UnrealChris/Chris/Content/StarterContent/Props/SM_GlassWindow.uasset"
[2015.09.07-20.12.33:070][  0]LogPackFactory: Copied "../../../Samples/StarterContent/Content/StarterContent/Props/SM_Lamp_Ceiling.uasset" to "G:/Unreal Projects/UnrealChris/Chris/Content/StarterContent/Props/SM_Lamp_Ceiling.uasset"
[2015.09.07-20.12.33:070][  0]LogPackFactory: Copied "../../../Samples/StarterContent/Content/StarterContent/Props/SM_Lamp_Wall.uasset" to "G:/Unreal Projects/UnrealChris/Chris/Content/StarterContent/Props/SM_Lamp_Wall.uasset"
[2015.09.07-20.12.33:072][  0]LogPackFactory: Copied "../../../Samples/StarterContent/Content/StarterContent/Props/SM_MatPreviewMesh_02.uasset" to "G:/Unreal Projects/UnrealChris/Chris/Content/StarterContent/Props/SM_MatPreviewMesh_02.uasset"
[2015.09.07-20.12.33:072][  0]LogPackFactory: Copied "../../../Samples/StarterContent/Content/StarterContent/Props/SM_PillarFrame.uasset" to "G:/Unreal Projects/UnrealChris/Chris/Content/StarterContent/Props/SM_PillarFrame.uasset"
[2015.09.07-20.12.33:072][  0]LogPackFactory: Copied "../../../Samples/StarterContent/Content/StarterContent/Props/SM_PillarFrame300.uasset" to "G:/Unreal Projects/UnrealChris/Chris/Content/StarterContent/Props/SM_PillarFrame300.uasset"
[2015.09.07-20.12.33:072][  0]LogPackFactory: Copied "../../../Samples/StarterContent/Content/StarterContent/Props/SM_Rock.uasset" to "G:/Unreal Projects/UnrealChris/Chris/Content/StarterContent/Props/SM_Rock.uasset"
[2015.09.07-20.12.33:073][  0]LogPackFactory: Copied "../../../Samples/StarterContent/Content/StarterContent/Props/SM_Shelf.uasset" to "G:/Unreal Projects/UnrealChris/Chris/Content/StarterContent/Props/SM_Shelf.uasset"
[2015.09.07-20.12.33:073][  0]LogPackFactory: Copied "../../../Samples/StarterContent/Content/StarterContent/Props/SM_Stairs.uasset" to "G:/Unreal Projects/UnrealChris/Chris/Content/StarterContent/Props/SM_Stairs.uasset"
[2015.09.07-20.12.33:073][  0]LogPackFactory: Copied "../../../Samples/StarterContent/Content/StarterContent/Props/SM_Statue.uasset" to "G:/Unreal Projects/UnrealChris/Chris/Content/StarterContent/Props/SM_Statue.uasset"
[2015.09.07-20.12.33:074][  0]LogPackFactory: Copied "../../../Samples/StarterContent/Content/StarterContent/Props/SM_TableRound.uasset" to "G:/Unreal Projects/UnrealChris/Chris/Content/StarterContent/Props/SM_TableRound.uasset"
[2015.09.07-20.12.33:074][  0]LogPackFactory: Copied "../../../Samples/StarterContent/Content/StarterContent/Props/SM_WindowFrame.uasset" to "G:/Unreal Projects/UnrealChris/Chris/Content/StarterContent/Props/SM_WindowFrame.uasset"
[2015.09.07-20.12.33:074][  0]LogPackFactory: Copied "../../../Samples/StarterContent/Content/StarterContent/Props/Materials/M_Bush.uasset" to "G:/Unreal Projects/UnrealChris/Chris/Content/StarterContent/Props/Materials/M_Bush.uasset"
[2015.09.07-20.12.33:075][  0]LogPackFactory: Copied "../../../Samples/StarterContent/Content/StarterContent/Props/Materials/M_Chair.uasset" to "G:/Unreal Projects/UnrealChris/Chris/Content/StarterContent/Props/Materials/M_Chair.uasset"
[2015.09.07-20.12.33:075][  0]LogPackFactory: Copied "../../../Samples/StarterContent/Content/StarterContent/Props/Materials/M_Door.uasset" to "G:/Unreal Projects/UnrealChris/Chris/Content/StarterContent/Props/Materials/M_Door.uasset"
[2015.09.07-20.12.33:075][  0]LogPackFactory: Copied "../../../Samples/StarterContent/Content/StarterContent/Props/Materials/M_Frame.uasset" to "G:/Unreal Projects/UnrealChris/Chris/Content/StarterContent/Props/Materials/M_Frame.uasset"
[2015.09.07-20.12.33:075][  0]LogPackFactory: Copied "../../../Samples/StarterContent/Content/StarterContent/Props/Materials/M_Lamp.uasset" to "G:/Unreal Projects/UnrealChris/Chris/Content/StarterContent/Props/Materials/M_Lamp.uasset"
[2015.09.07-20.12.33:076][  0]LogPackFactory: Copied "../../../Samples/StarterContent/Content/StarterContent/Props/Materials/M_MaterialSphere.uasset" to "G:/Unreal Projects/UnrealChris/Chris/Content/StarterContent/Props/Materials/M_MaterialSphere.uasset"
[2015.09.07-20.12.33:076][  0]LogPackFactory: Copied "../../../Samples/StarterContent/Content/StarterContent/Props/Materials/M_MaterialSphere_Plain.uasset" to "G:/Unreal Projects/UnrealChris/Chris/Content/StarterContent/Props/Materials/M_MaterialSphere_Plain.uasset"
[2015.09.07-20.12.33:076][  0]LogPackFactory: Copied "../../../Samples/StarterContent/Content/StarterContent/Props/Materials/M_Rock.uasset" to "G:/Unreal Projects/UnrealChris/Chris/Content/StarterContent/Props/Materials/M_Rock.uasset"
[2015.09.07-20.12.33:076][  0]LogPackFactory: Copied "../../../Samples/StarterContent/Content/StarterContent/Props/Materials/M_Shelf.uasset" to "G:/Unreal Projects/UnrealChris/Chris/Content/StarterContent/Props/Materials/M_Shelf.uasset"
[2015.09.07-20.12.33:077][  0]LogPackFactory: Copied "../../../Samples/StarterContent/Content/StarterContent/Props/Materials/M_Statue.uasset" to "G:/Unreal Projects/UnrealChris/Chris/Content/StarterContent/Props/Materials/M_Statue.uasset"
[2015.09.07-20.12.33:077][  0]LogPackFactory: Copied "../../../Samples/StarterContent/Content/StarterContent/Props/Materials/M_StatueGlass.uasset" to "G:/Unreal Projects/UnrealChris/Chris/Content/StarterContent/Props/Materials/M_StatueGlass.uasset"
[2015.09.07-20.12.33:077][  0]LogPackFactory: Copied "../../../Samples/StarterContent/Content/StarterContent/Props/Materials/M_TableRound.uasset" to "G:/Unreal Projects/UnrealChris/Chris/Content/StarterContent/Props/Materials/M_TableRound.uasset"
[2015.09.07-20.12.33:077][  0]LogPackFactory: Copied "../../../Samples/StarterContent/Content/StarterContent/Shapes/Shape_Cone.uasset" to "G:/Unreal Projects/UnrealChris/Chris/Content/StarterContent/Shapes/Shape_Cone.uasset"
[2015.09.07-20.12.33:078][  0]LogPackFactory: Copied "../../../Samples/StarterContent/Content/StarterContent/Shapes/Shape_Cube.uasset" to "G:/Unreal Projects/UnrealChris/Chris/Content/StarterContent/Shapes/Shape_Cube.uasset"
[2015.09.07-20.12.33:078][  0]LogPackFactory: Copied "../../../Samples/StarterContent/Content/StarterContent/Shapes/Shape_Cylinder.uasset" to "G:/Unreal Projects/UnrealChris/Chris/Content/StarterContent/Shapes/Shape_Cylinder.uasset"
[2015.09.07-20.12.33:078][  0]LogPackFactory: Copied "../../../Samples/StarterContent/Content/StarterContent/Shapes/Shape_NarrowCapsule.uasset" to "G:/Unreal Projects/UnrealChris/Chris/Content/StarterContent/Shapes/Shape_NarrowCapsule.uasset"
[2015.09.07-20.12.33:078][  0]LogPackFactory: Copied "../../../Samples/StarterContent/Content/StarterContent/Shapes/Shape_Pipe.uasset" to "G:/Unreal Projects/UnrealChris/Chris/Content/StarterContent/Shapes/Shape_Pipe.uasset"
[2015.09.07-20.12.33:079][  0]LogPackFactory: Copied "../../../Samples/StarterContent/Content/StarterContent/Shapes/Shape_Pipe_180.uasset" to "G:/Unreal Projects/UnrealChris/Chris/Content/StarterContent/Shapes/Shape_Pipe_180.uasset"
[2015.09.07-20.12.33:079][  0]LogPackFactory: Copied "../../../Samples/StarterContent/Content/StarterContent/Shapes/Shape_Pipe_90.uasset" to "G:/Unreal Projects/UnrealChris/Chris/Content/StarterContent/Shapes/Shape_Pipe_90.uasset"
[2015.09.07-20.12.33:079][  0]LogPackFactory: Copied "../../../Samples/StarterContent/Content/StarterContent/Shapes/Shape_Plane.uasset" to "G:/Unreal Projects/UnrealChris/Chris/Content/StarterContent/Shapes/Shape_Plane.uasset"
[2015.09.07-20.12.33:079][  0]LogPackFactory: Copied "../../../Samples/StarterContent/Content/StarterContent/Shapes/Shape_QuadPyramid.uasset" to "G:/Unreal Projects/UnrealChris/Chris/Content/StarterContent/Shapes/Shape_QuadPyramid.uasset"
[2015.09.07-20.12.33:080][  0]LogPackFactory: Copied "../../../Samples/StarterContent/Content/StarterContent/Shapes/Shape_Sphere.uasset" to "G:/Unreal Projects/UnrealChris/Chris/Content/StarterContent/Shapes/Shape_Sphere.uasset"
[2015.09.07-20.12.33:080][  0]LogPackFactory: Copied "../../../Samples/StarterContent/Content/StarterContent/Shapes/Shape_Torus.uasset" to "G:/Unreal Projects/UnrealChris/Chris/Content/StarterContent/Shapes/Shape_Torus.uasset"
[2015.09.07-20.12.33:080][  0]LogPackFactory: Copied "../../../Samples/StarterContent/Content/StarterContent/Shapes/Shape_Trim.uasset" to "G:/Unreal Projects/UnrealChris/Chris/Content/StarterContent/Shapes/Shape_Trim.uasset"
[2015.09.07-20.12.33:081][  0]LogPackFactory: Copied "../../../Samples/StarterContent/Content/StarterContent/Shapes/Shape_Trim_90_In.uasset" to "G:/Unreal Projects/UnrealChris/Chris/Content/StarterContent/Shapes/Shape_Trim_90_In.uasset"
[2015.09.07-20.12.33:081][  0]LogPackFactory: Copied "../../../Samples/StarterContent/Content/StarterContent/Shapes/Shape_Trim_90_Out.uasset" to "G:/Unreal Projects/UnrealChris/Chris/Content/StarterContent/Shapes/Shape_Trim_90_Out.uasset"
[2015.09.07-20.12.33:081][  0]LogPackFactory: Copied "../../../Samples/StarterContent/Content/StarterContent/Shapes/Shape_TriPyramid.uasset" to "G:/Unreal Projects/UnrealChris/Chris/Content/StarterContent/Shapes/Shape_TriPyramid.uasset"
[2015.09.07-20.12.33:081][  0]LogPackFactory: Copied "../../../Samples/StarterContent/Content/StarterContent/Shapes/Shape_Tube.uasset" to "G:/Unreal Projects/UnrealChris/Chris/Content/StarterContent/Shapes/Shape_Tube.uasset"
[2015.09.07-20.12.33:082][  0]LogPackFactory: Copied "../../../Samples/StarterContent/Content/StarterContent/Shapes/Shape_Wedge_A.uasset" to "G:/Unreal Projects/UnrealChris/Chris/Content/StarterContent/Shapes/Shape_Wedge_A.uasset"
[2015.09.07-20.12.33:082][  0]LogPackFactory: Copied "../../../Samples/StarterContent/Content/StarterContent/Shapes/Shape_Wedge_B.uasset" to "G:/Unreal Projects/UnrealChris/Chris/Content/StarterContent/Shapes/Shape_Wedge_B.uasset"
[2015.09.07-20.12.33:082][  0]LogPackFactory: Copied "../../../Samples/StarterContent/Content/StarterContent/Shapes/Shape_WideCapsule.uasset" to "G:/Unreal Projects/UnrealChris/Chris/Content/StarterContent/Shapes/Shape_WideCapsule.uasset"
[2015.09.07-20.12.33:087][  0]LogPackFactory: Copied "../../../Samples/StarterContent/Content/StarterContent/Textures/T_Brick_Clay_Beveled_D.uasset" to "G:/Unreal Projects/UnrealChris/Chris/Content/StarterContent/Textures/T_Brick_Clay_Beveled_D.uasset"
[2015.09.07-20.12.33:093][  0]LogPackFactory: Copied "../../../Samples/StarterContent/Content/StarterContent/Textures/T_Brick_Clay_Beveled_M.uasset" to "G:/Unreal Projects/UnrealChris/Chris/Content/StarterContent/Textures/T_Brick_Clay_Beveled_M.uasset"
[2015.09.07-20.12.33:097][  0]LogPackFactory: Copied "../../../Samples/StarterContent/Content/StarterContent/Textures/T_Brick_Clay_Beveled_N.uasset" to "G:/Unreal Projects/UnrealChris/Chris/Content/StarterContent/Textures/T_Brick_Clay_Beveled_N.uasset"
[2015.09.07-20.12.33:100][  0]LogPackFactory: Copied "../../../Samples/StarterContent/Content/StarterContent/Textures/T_Brick_Clay_New_D.uasset" to "G:/Unreal Projects/UnrealChris/Chris/Content/StarterContent/Textures/T_Brick_Clay_New_D.uasset"
[2015.09.07-20.12.33:105][  0]LogPackFactory: Copied "../../../Samples/StarterContent/Content/StarterContent/Textures/T_Brick_Clay_New_M.uasset" to "G:/Unreal Projects/UnrealChris/Chris/Content/StarterContent/Textures/T_Brick_Clay_New_M.uasset"
[2015.09.07-20.12.33:110][  0]LogPackFactory: Copied "../../../Samples/StarterContent/Content/StarterContent/Textures/T_Brick_Clay_New_N.uasset" to "G:/Unreal Projects/UnrealChris/Chris/Content/StarterContent/Textures/T_Brick_Clay_New_N.uasset"
[2015.09.07-20.12.33:116][  0]LogPackFactory: Copied "../../../Samples/StarterContent/Content/StarterContent/Textures/T_Brick_Clay_Old_D.uasset" to "G:/Unreal Projects/UnrealChris/Chris/Content/StarterContent/Textures/T_Brick_Clay_Old_D.uasset"
[2015.09.07-20.12.33:120][  0]LogPackFactory: Copied "../../../Samples/StarterContent/Content/StarterContent/Textures/T_Brick_Clay_Old_N.uasset" to "G:/Unreal Projects/UnrealChris/Chris/Content/StarterContent/Textures/T_Brick_Clay_Old_N.uasset"
[2015.09.07-20.12.33:127][  0]LogPackFactory: Copied "../../../Samples/StarterContent/Content/StarterContent/Textures/T_Brick_Cut_Stone_D.uasset" to "G:/Unreal Projects/UnrealChris/Chris/Content/StarterContent/Textures/T_Brick_Cut_Stone_D.uasset"
[2015.09.07-20.12.33:131][  0]LogPackFactory: Copied "../../../Samples/StarterContent/Content/StarterContent/Textures/T_Brick_Cut_Stone_N.uasset" to "G:/Unreal Projects/UnrealChris/Chris/Content/StarterContent/Textures/T_Brick_Cut_Stone_N.uasset"
[2015.09.07-20.12.33:135][  0]LogPackFactory: Copied "../../../Samples/StarterContent/Content/StarterContent/Textures/T_Brick_Hewn_Stone_D.uasset" to "G:/Unreal Projects/UnrealChris/Chris/Content/StarterContent/Textures/T_Brick_Hewn_Stone_D.uasset"
[2015.09.07-20.12.33:139][  0]LogPackFactory: Copied "../../../Samples/StarterContent/Content/StarterContent/Textures/T_Brick_Hewn_Stone_M.uasset" to "G:/Unreal Projects/UnrealChris/Chris/Content/StarterContent/Textures/T_Brick_Hewn_Stone_M.uasset"
[2015.09.07-20.12.33:143][  0]LogPackFactory: Copied "../../../Samples/StarterContent/Content/StarterContent/Textures/T_Brick_Hewn_Stone_N.uasset" to "G:/Unreal Projects/UnrealChris/Chris/Content/StarterContent/Textures/T_Brick_Hewn_Stone_N.uasset"
[2015.09.07-20.12.33:144][  0]LogPackFactory: Copied "../../../Samples/StarterContent/Content/StarterContent/Textures/T_Burst_M.uasset" to "G:/Unreal Projects/UnrealChris/Chris/Content/StarterContent/Textures/T_Burst_M.uasset"
[2015.09.07-20.12.33:144][  0]LogPackFactory: Copied "../../../Samples/StarterContent/Content/StarterContent/Textures/T_Bush_D.uasset" to "G:/Unreal Projects/UnrealChris/Chris/Content/StarterContent/Textures/T_Bush_D.uasset"
[2015.09.07-20.12.33:145][  0]LogPackFactory: Copied "../../../Samples/StarterContent/Content/StarterContent/Textures/T_Bush_N.uasset" to "G:/Unreal Projects/UnrealChris/Chris/Content/StarterContent/Textures/T_Bush_N.uasset"
[2015.09.07-20.12.33:145][  0]LogPackFactory: Copied "../../../Samples/StarterContent/Content/StarterContent/Textures/T_Ceramic_Tile_M.uasset" to "G:/Unreal Projects/UnrealChris/Chris/Content/StarterContent/Textures/T_Ceramic_Tile_M.uasset"
[2015.09.07-20.12.33:145][  0]LogPackFactory: Copied "../../../Samples/StarterContent/Content/StarterContent/Textures/T_Ceramic_Tile_N.uasset" to "G:/Unreal Projects/UnrealChris/Chris/Content/StarterContent/Textures/T_Ceramic_Tile_N.uasset"
[2015.09.07-20.12.33:146][  0]LogPackFactory: Copied "../../../Samples/StarterContent/Content/StarterContent/Textures/T_Chair_M.uasset" to "G:/Unreal Projects/UnrealChris/Chris/Content/StarterContent/Textures/T_Chair_M.uasset"
[2015.09.07-20.12.33:147][  0]LogPackFactory: Copied "../../../Samples/StarterContent/Content/StarterContent/Textures/T_Chair_N.uasset" to "G:/Unreal Projects/UnrealChris/Chris/Content/StarterContent/Textures/T_Chair_N.uasset"
[2015.09.07-20.12.33:147][  0]LogPackFactory: Copied "../../../Samples/StarterContent/Content/StarterContent/Textures/T_Checker_Noise_M.uasset" to "G:/Unreal Projects/UnrealChris/Chris/Content/StarterContent/Textures/T_Checker_Noise_M.uasset"
[2015.09.07-20.12.33:154][  0]LogPackFactory: Copied "../../../Samples/StarterContent/Content/StarterContent/Textures/T_CobbleStone_Pebble_D.uasset" to "G:/Unreal Projects/UnrealChris/Chris/Content/StarterContent/Textures/T_CobbleStone_Pebble_D.uasset"
[2015.09.07-20.12.33:155][  0]LogPackFactory: Copied "../../../Samples/StarterContent/Content/StarterContent/Textures/T_CobbleStone_Pebble_M.uasset" to "G:/Unreal Projects/UnrealChris/Chris/Content/StarterContent/Textures/T_CobbleStone_Pebble_M.uasset"
[2015.09.07-20.12.33:161][  0]LogPackFactory: Copied "../../../Samples/StarterContent/Content/StarterContent/Textures/T_CobbleStone_Pebble_N.uasset" to "G:/Unreal Projects/UnrealChris/Chris/Content/StarterContent/Textures/T_CobbleStone_Pebble_N.uasset"
[2015.09.07-20.12.33:163][  0]LogPackFactory: Copied "../../../Samples/StarterContent/Content/StarterContent/Textures/T_CobbleStone_Rough_D.uasset" to "G:/Unreal Projects/UnrealChris/Chris/Content/StarterContent/Textures/T_CobbleStone_Rough_D.uasset"
[2015.09.07-20.12.33:165][  0]LogPackFactory: Copied "../../../Samples/StarterContent/Content/StarterContent/Textures/T_CobbleStone_Rough_N.uasset" to "G:/Unreal Projects/UnrealChris/Chris/Content/StarterContent/Textures/T_CobbleStone_Rough_N.uasset"
[2015.09.07-20.12.33:169][  0]LogPackFactory: Copied "../../../Samples/StarterContent/Content/StarterContent/Textures/T_CobbleStone_Smooth_D.uasset" to "G:/Unreal Projects/UnrealChris/Chris/Content/StarterContent/Textures/T_CobbleStone_Smooth_D.uasset"
[2015.09.07-20.12.33:172][  0]LogPackFactory: Copied "../../../Samples/StarterContent/Content/StarterContent/Textures/T_CobbleStone_Smooth_M.uasset" to "G:/Unreal Projects/UnrealChris/Chris/Content/StarterContent/Textures/T_CobbleStone_Smooth_M.uasset"
[2015.09.07-20.12.33:176][  0]LogPackFactory: Copied "../../../Samples/StarterContent/Content/StarterContent/Textures/T_CobbleStone_Smooth_N.uasset" to "G:/Unreal Projects/UnrealChris/Chris/Content/StarterContent/Textures/T_CobbleStone_Smooth_N.uasset"
[2015.09.07-20.12.33:182][  0]LogPackFactory: Copied "../../../Samples/StarterContent/Content/StarterContent/Textures/T_Concrete_Grime_D.uasset" to "G:/Unreal Projects/UnrealChris/Chris/Content/StarterContent/Textures/T_Concrete_Grime_D.uasset"
[2015.09.07-20.12.33:187][  0]LogPackFactory: Copied "../../../Samples/StarterContent/Content/StarterContent/Textures/T_Concrete_Panels_D.uasset" to "G:/Unreal Projects/UnrealChris/Chris/Content/StarterContent/Textures/T_Concrete_Panels_D.uasset"
[2015.09.07-20.12.33:191][  0]LogPackFactory: Copied "../../../Samples/StarterContent/Content/StarterContent/Textures/T_Concrete_Panels_N.uasset" to "G:/Unreal Projects/UnrealChris/Chris/Content/StarterContent/Textures/T_Concrete_Panels_N.uasset"
[2015.09.07-20.12.33:197][  0]LogPackFactory: Copied "../../../Samples/StarterContent/Content/StarterContent/Textures/T_Concrete_Poured_D.uasset" to "G:/Unreal Projects/UnrealChris/Chris/Content/StarterContent/Textures/T_Concrete_Poured_D.uasset"
[2015.09.07-20.12.33:201][  0]LogPackFactory: Copied "../../../Samples/StarterContent/Content/StarterContent/Textures/T_Concrete_Poured_N.uasset" to "G:/Unreal Projects/UnrealChris/Chris/Content/StarterContent/Textures/T_Concrete_Poured_N.uasset"
[2015.09.07-20.12.33:204][  0]LogPackFactory: Copied "../../../Samples/StarterContent/Content/StarterContent/Textures/T_Concrete_Tiles_D.uasset" to "G:/Unreal Projects/UnrealChris/Chris/Content/StarterContent/Textures/T_Concrete_Tiles_D.uasset"
[2015.09.07-20.12.33:207][  0]LogPackFactory: Copied "../../../Samples/StarterContent/Content/StarterContent/Textures/T_Concrete_Tiles_M.uasset" to "G:/Unreal Projects/UnrealChris/Chris/Content/StarterContent/Textures/T_Concrete_Tiles_M.uasset"
[2015.09.07-20.12.33:211][  0]LogPackFactory: Copied "../../../Samples/StarterContent/Content/StarterContent/Textures/T_Concrete_Tiles_N.uasset" to "G:/Unreal Projects/UnrealChris/Chris/Content/StarterContent/Textures/T_Concrete_Tiles_N.uasset"
[2015.09.07-20.12.33:211][  0]LogPackFactory: Copied "../../../Samples/StarterContent/Content/StarterContent/Textures/T_Concrete_Tiles_Variation_M.uasset" to "G:/Unreal Projects/UnrealChris/Chris/Content/StarterContent/Textures/T_Concrete_Tiles_Variation_M.uasset"
[2015.09.07-20.12.33:213][  0]LogPackFactory: Copied "../../../Samples/StarterContent/Content/StarterContent/Textures/T_Detail_Rocky_N.uasset" to "G:/Unreal Projects/UnrealChris/Chris/Content/StarterContent/Textures/T_Detail_Rocky_N.uasset"
[2015.09.07-20.12.33:213][  0]LogPackFactory: Copied "../../../Samples/StarterContent/Content/StarterContent/Textures/T_Door_M.uasset" to "G:/Unreal Projects/UnrealChris/Chris/Content/StarterContent/Textures/T_Door_M.uasset"
[2015.09.07-20.12.33:214][  0]LogPackFactory: Copied "../../../Samples/StarterContent/Content/StarterContent/Textures/T_Door_N.uasset" to "G:/Unreal Projects/UnrealChris/Chris/Content/StarterContent/Textures/T_Door_N.uasset"
[2015.09.07-20.12.33:215][  0]LogPackFactory: Copied "../../../Samples/StarterContent/Content/StarterContent/Textures/T_Dust_Particle_D.uasset" to "G:/Unreal Projects/UnrealChris/Chris/Content/StarterContent/Textures/T_Dust_Particle_D.uasset"
[2015.09.07-20.12.33:216][  0]LogPackFactory: Copied "../../../Samples/StarterContent/Content/StarterContent/Textures/T_Explosion_SubUV.uasset" to "G:/Unreal Projects/UnrealChris/Chris/Content/StarterContent/Textures/T_Explosion_SubUV.uasset"
[2015.09.07-20.12.33:217][  0]LogPackFactory: Copied "../../../Samples/StarterContent/Content/StarterContent/Textures/T_Fire_SubUV.uasset" to "G:/Unreal Projects/UnrealChris/Chris/Content/StarterContent/Textures/T_Fire_SubUV.uasset"
[2015.09.07-20.12.33:217][  0]LogPackFactory: Copied "../../../Samples/StarterContent/Content/StarterContent/Textures/T_Fire_Tiled_D.uasset" to "G:/Unreal Projects/UnrealChris/Chris/Content/StarterContent/Textures/T_Fire_Tiled_D.uasset"
[2015.09.07-20.12.33:218][  0]LogPackFactory: Copied "../../../Samples/StarterContent/Content/StarterContent/Textures/T_Frame_M.uasset" to "G:/Unreal Projects/UnrealChris/Chris/Content/StarterContent/Textures/T_Frame_M.uasset"
[2015.09.07-20.12.33:219][  0]LogPackFactory: Copied "../../../Samples/StarterContent/Content/StarterContent/Textures/T_Frame_N.uasset" to "G:/Unreal Projects/UnrealChris/Chris/Content/StarterContent/Textures/T_Frame_N.uasset"
[2015.09.07-20.12.33:219][  0]LogPackFactory: Copied "../../../Samples/StarterContent/Content/StarterContent/Textures/T_Gradinet_01.uasset" to "G:/Unreal Projects/UnrealChris/Chris/Content/StarterContent/Textures/T_Gradinet_01.uasset"
[2015.09.07-20.12.33:226][  0]LogPackFactory: Copied "../../../Samples/StarterContent/Content/StarterContent/Textures/T_Ground_Grass_D.uasset" to "G:/Unreal Projects/UnrealChris/Chris/Content/StarterContent/Textures/T_Ground_Grass_D.uasset"
[2015.09.07-20.12.33:233][  0]LogPackFactory: Copied "../../../Samples/StarterContent/Content/StarterContent/Textures/T_Ground_Grass_N.uasset" to "G:/Unreal Projects/UnrealChris/Chris/Content/StarterContent/Textures/T_Ground_Grass_N.uasset"
[2015.09.07-20.12.33:240][  0]LogPackFactory: Copied "../../../Samples/StarterContent/Content/StarterContent/Textures/T_Ground_Gravel_D.uasset" to "G:/Unreal Projects/UnrealChris/Chris/Content/StarterContent/Textures/T_Ground_Gravel_D.uasset"
[2015.09.07-20.12.33:245][  0]LogPackFactory: Copied "../../../Samples/StarterContent/Content/StarterContent/Textures/T_Ground_Gravel_N.uasset" to "G:/Unreal Projects/UnrealChris/Chris/Content/StarterContent/Textures/T_Ground_Gravel_N.uasset"
[2015.09.07-20.12.33:254][  0]LogPackFactory: Copied "../../../Samples/StarterContent/Content/StarterContent/Textures/T_ground_Moss_D.uasset" to "G:/Unreal Projects/UnrealChris/Chris/Content/StarterContent/Textures/T_ground_Moss_D.uasset"
[2015.09.07-20.12.33:258][  0]LogPackFactory: Copied "../../../Samples/StarterContent/Content/StarterContent/Textures/T_Ground_Moss_N.uasset" to "G:/Unreal Projects/UnrealChris/Chris/Content/StarterContent/Textures/T_Ground_Moss_N.uasset"
[2015.09.07-20.12.33:259][  0]LogPackFactory: Copied "../../../Samples/StarterContent/Content/StarterContent/Textures/T_Lamp_M.uasset" to "G:/Unreal Projects/UnrealChris/Chris/Content/StarterContent/Textures/T_Lamp_M.uasset"
[2015.09.07-20.12.33:260][  0]LogPackFactory: Copied "../../../Samples/StarterContent/Content/StarterContent/Textures/T_Lamp_N.uasset" to "G:/Unreal Projects/UnrealChris/Chris/Content/StarterContent/Textures/T_Lamp_N.uasset"
[2015.09.07-20.12.33:267][  0]LogPackFactory: Copied "../../../Samples/StarterContent/Content/StarterContent/Textures/T_MacroVariation.uasset" to "G:/Unreal Projects/UnrealChris/Chris/Content/StarterContent/Textures/T_MacroVariation.uasset"
[2015.09.07-20.12.33:272][  0]LogPackFactory: Copied "../../../Samples/StarterContent/Content/StarterContent/Textures/T_Metal_Aluminum_D.uasset" to "G:/Unreal Projects/UnrealChris/Chris/Content/StarterContent/Textures/T_Metal_Aluminum_D.uasset"
[2015.09.07-20.12.33:277][  0]LogPackFactory: Copied "../../../Samples/StarterContent/Content/StarterContent/Textures/T_Metal_Copper_D.uasset" to "G:/Unreal Projects/UnrealChris/Chris/Content/StarterContent/Textures/T_Metal_Copper_D.uasset"
[2015.09.07-20.12.33:282][  0]LogPackFactory: Copied "../../../Samples/StarterContent/Content/StarterContent/Textures/T_Metal_Gold_D.uasset" to "G:/Unreal Projects/UnrealChris/Chris/Content/StarterContent/Textures/T_Metal_Gold_D.uasset"
[2015.09.07-20.12.33:284][  0]LogPackFactory: Copied "../../../Samples/StarterContent/Content/StarterContent/Textures/T_Metal_Gold_N.uasset" to "G:/Unreal Projects/UnrealChris/Chris/Content/StarterContent/Textures/T_Metal_Gold_N.uasset"
[2015.09.07-20.12.33:289][  0]LogPackFactory: Copied "../../../Samples/StarterContent/Content/StarterContent/Textures/T_Metal_Rust_D.uasset" to "G:/Unreal Projects/UnrealChris/Chris/Content/StarterContent/Textures/T_Metal_Rust_D.uasset"
[2015.09.07-20.12.33:293][  0]LogPackFactory: Copied "../../../Samples/StarterContent/Content/StarterContent/Textures/T_Metal_Rust_N.uasset" to "G:/Unreal Projects/UnrealChris/Chris/Content/StarterContent/Textures/T_Metal_Rust_N.uasset"
[2015.09.07-20.12.33:295][  0]LogPackFactory: Copied "../../../Samples/StarterContent/Content/StarterContent/Textures/T_Metal_Steel_D.uasset" to "G:/Unreal Projects/UnrealChris/Chris/Content/StarterContent/Textures/T_Metal_Steel_D.uasset"
[2015.09.07-20.12.33:298][  0]LogPackFactory: Copied "../../../Samples/StarterContent/Content/StarterContent/Textures/T_Metal_Steel_N.uasset" to "G:/Unreal Projects/UnrealChris/Chris/Content/StarterContent/Textures/T_Metal_Steel_N.uasset"
[2015.09.07-20.12.33:304][  0]LogPackFactory: Copied "../../../Samples/StarterContent/Content/StarterContent/Textures/T_Perlin_Noise_M.uasset" to "G:/Unreal Projects/UnrealChris/Chris/Content/StarterContent/Textures/T_Perlin_Noise_M.uasset"
[2015.09.07-20.12.33:305][  0]LogPackFactory: Copied "../../../Samples/StarterContent/Content/StarterContent/Textures/T_RockMesh_M.uasset" to "G:/Unreal Projects/UnrealChris/Chris/Content/StarterContent/Textures/T_RockMesh_M.uasset"
[2015.09.07-20.12.33:308][  0]LogPackFactory: Copied "../../../Samples/StarterContent/Content/StarterContent/Textures/T_RockMesh_N.uasset" to "G:/Unreal Projects/UnrealChris/Chris/Content/StarterContent/Textures/T_RockMesh_N.uasset"
[2015.09.07-20.12.33:313][  0]LogPackFactory: Copied "../../../Samples/StarterContent/Content/StarterContent/Textures/T_Rock_Basalt_D.uasset" to "G:/Unreal Projects/UnrealChris/Chris/Content/StarterContent/Textures/T_Rock_Basalt_D.uasset"
[2015.09.07-20.12.33:317][  0]LogPackFactory: Copied "../../../Samples/StarterContent/Content/StarterContent/Textures/T_Rock_Basalt_N.uasset" to "G:/Unreal Projects/UnrealChris/Chris/Content/StarterContent/Textures/T_Rock_Basalt_N.uasset"
[2015.09.07-20.12.33:320][  0]LogPackFactory: Copied "../../../Samples/StarterContent/Content/StarterContent/Textures/T_Rock_Marble_Polished_D.uasset" to "G:/Unreal Projects/UnrealChris/Chris/Content/StarterContent/Textures/T_Rock_Marble_Polished_D.uasset"
[2015.09.07-20.12.33:326][  0]LogPackFactory: Copied "../../../Samples/StarterContent/Content/StarterContent/Textures/T_Rock_Sandstone_D.uasset" to "G:/Unreal Projects/UnrealChris/Chris/Content/StarterContent/Textures/T_Rock_Sandstone_D.uasset"
[2015.09.07-20.12.33:330][  0]LogPackFactory: Copied "../../../Samples/StarterContent/Content/StarterContent/Textures/T_Rock_Sandstone_N.uasset" to "G:/Unreal Projects/UnrealChris/Chris/Content/StarterContent/Textures/T_Rock_Sandstone_N.uasset"
[2015.09.07-20.12.33:337][  0]LogPackFactory: Copied "../../../Samples/StarterContent/Content/StarterContent/Textures/T_Rock_Slate_D.uasset" to "G:/Unreal Projects/UnrealChris/Chris/Content/StarterContent/Textures/T_Rock_Slate_D.uasset"
[2015.09.07-20.12.33:343][  0]LogPackFactory: Copied "../../../Samples/StarterContent/Content/StarterContent/Textures/T_Rock_Slate_N.uasset" to "G:/Unreal Projects/UnrealChris/Chris/Content/StarterContent/Textures/T_Rock_Slate_N.uasset"
[2015.09.07-20.12.33:348][  0]LogPackFactory: Copied "../../../Samples/StarterContent/Content/StarterContent/Textures/T_Rock_Smooth_Granite_D.uasset" to "G:/Unreal Projects/UnrealChris/Chris/Content/StarterContent/Textures/T_Rock_Smooth_Granite_D.uasset"
[2015.09.07-20.12.33:349][  0]LogPackFactory: Copied "../../../Samples/StarterContent/Content/StarterContent/Textures/T_Shelf_M.uasset" to "G:/Unreal Projects/UnrealChris/Chris/Content/StarterContent/Textures/T_Shelf_M.uasset"
[2015.09.07-20.12.33:350][  0]LogPackFactory: Copied "../../../Samples/StarterContent/Content/StarterContent/Textures/T_Shelf_N.uasset" to "G:/Unreal Projects/UnrealChris/Chris/Content/StarterContent/Textures/T_Shelf_N.uasset"
[2015.09.07-20.12.33:351][  0]LogPackFactory: Copied "../../../Samples/StarterContent/Content/StarterContent/Textures/T_Single_Tile_N.uasset" to "G:/Unreal Projects/UnrealChris/Chris/Content/StarterContent/Textures/T_Single_Tile_N.uasset"
[2015.09.07-20.12.33:353][  0]LogPackFactory: Copied "../../../Samples/StarterContent/Content/StarterContent/Textures/T_Smoke_SubUV.uasset" to "G:/Unreal Projects/UnrealChris/Chris/Content/StarterContent/Textures/T_Smoke_SubUV.uasset"
[2015.09.07-20.12.33:353][  0]LogPackFactory: Copied "../../../Samples/StarterContent/Content/StarterContent/Textures/T_Smoke_Tiled_D.uasset" to "G:/Unreal Projects/UnrealChris/Chris/Content/StarterContent/Textures/T_Smoke_Tiled_D.uasset"
[2015.09.07-20.12.33:354][  0]LogPackFactory: Copied "../../../Samples/StarterContent/Content/StarterContent/Textures/T_Spark_Core.uasset" to "G:/Unreal Projects/UnrealChris/Chris/Content/StarterContent/Textures/T_Spark_Core.uasset"
[2015.09.07-20.12.33:355][  0]LogPackFactory: Copied "../../../Samples/StarterContent/Content/StarterContent/Textures/T_Statue_M.uasset" to "G:/Unreal Projects/UnrealChris/Chris/Content/StarterContent/Textures/T_Statue_M.uasset"
[2015.09.07-20.12.33:355][  0]LogPackFactory: Copied "../../../Samples/StarterContent/Content/StarterContent/Textures/T_Statue_N.uasset" to "G:/Unreal Projects/UnrealChris/Chris/Content/StarterContent/Textures/T_Statue_N.uasset"
[2015.09.07-20.12.33:356][  0]LogPackFactory: Copied "../../../Samples/StarterContent/Content/StarterContent/Textures/T_TableRound_M.uasset" to "G:/Unreal Projects/UnrealChris/Chris/Content/StarterContent/Textures/T_TableRound_M.uasset"
[2015.09.07-20.12.33:357][  0]LogPackFactory: Copied "../../../Samples/StarterContent/Content/StarterContent/Textures/T_TableRound_N.uasset" to "G:/Unreal Projects/UnrealChris/Chris/Content/StarterContent/Textures/T_TableRound_N.uasset"
[2015.09.07-20.12.33:358][  0]LogPackFactory: Copied "../../../Samples/StarterContent/Content/StarterContent/Textures/T_Tech_Dot_M.uasset" to "G:/Unreal Projects/UnrealChris/Chris/Content/StarterContent/Textures/T_Tech_Dot_M.uasset"
[2015.09.07-20.12.33:358][  0]LogPackFactory: Copied "../../../Samples/StarterContent/Content/StarterContent/Textures/T_Tech_Dot_N.uasset" to "G:/Unreal Projects/UnrealChris/Chris/Content/StarterContent/Textures/T_Tech_Dot_N.uasset"
[2015.09.07-20.12.33:359][  0]LogPackFactory: Copied "../../../Samples/StarterContent/Content/StarterContent/Textures/T_Tech_Hex_Tile_M.uasset" to "G:/Unreal Projects/UnrealChris/Chris/Content/StarterContent/Textures/T_Tech_Hex_Tile_M.uasset"
[2015.09.07-20.12.33:360][  0]LogPackFactory: Copied "../../../Samples/StarterContent/Content/StarterContent/Textures/T_Tech_Hex_Tile_N.uasset" to "G:/Unreal Projects/UnrealChris/Chris/Content/StarterContent/Textures/T_Tech_Hex_Tile_N.uasset"
[2015.09.07-20.12.33:360][  0]LogPackFactory: Copied "../../../Samples/StarterContent/Content/StarterContent/Textures/T_Tech_Panel_M.uasset" to "G:/Unreal Projects/UnrealChris/Chris/Content/StarterContent/Textures/T_Tech_Panel_M.uasset"
[2015.09.07-20.12.33:362][  0]LogPackFactory: Copied "../../../Samples/StarterContent/Content/StarterContent/Textures/T_Tech_Panel_N.uasset" to "G:/Unreal Projects/UnrealChris/Chris/Content/StarterContent/Textures/T_Tech_Panel_N.uasset"
[2015.09.07-20.12.33:363][  0]LogPackFactory: Copied "../../../Samples/StarterContent/Content/StarterContent/Textures/T_Water_M.uasset" to "G:/Unreal Projects/UnrealChris/Chris/Content/StarterContent/Textures/T_Water_M.uasset"
[2015.09.07-20.12.33:364][  0]LogPackFactory: Copied "../../../Samples/StarterContent/Content/StarterContent/Textures/T_Water_N.uasset" to "G:/Unreal Projects/UnrealChris/Chris/Content/StarterContent/Textures/T_Water_N.uasset"
[2015.09.07-20.12.33:367][  0]LogPackFactory: Copied "../../../Samples/StarterContent/Content/StarterContent/Textures/T_Wood_Floor_Walnut_D.uasset" to "G:/Unreal Projects/UnrealChris/Chris/Content/StarterContent/Textures/T_Wood_Floor_Walnut_D.uasset"
[2015.09.07-20.12.33:370][  0]LogPackFactory: Copied "../../../Samples/StarterContent/Content/StarterContent/Textures/T_Wood_Floor_Walnut_M.uasset" to "G:/Unreal Projects/UnrealChris/Chris/Content/StarterContent/Textures/T_Wood_Floor_Walnut_M.uasset"
[2015.09.07-20.12.33:371][  0]LogPackFactory: Copied "../../../Samples/StarterContent/Content/StarterContent/Textures/T_Wood_Floor_Walnut_N.uasset" to "G:/Unreal Projects/UnrealChris/Chris/Content/StarterContent/Textures/T_Wood_Floor_Walnut_N.uasset"
[2015.09.07-20.12.33:375][  0]LogPackFactory: Copied "../../../Samples/StarterContent/Content/StarterContent/Textures/T_Wood_Oak_D.uasset" to "G:/Unreal Projects/UnrealChris/Chris/Content/StarterContent/Textures/T_Wood_Oak_D.uasset"
[2015.09.07-20.12.33:401][  0]LogPackFactory: Copied "../../../Samples/StarterContent/Content/StarterContent/Textures/T_Wood_Oak_N.uasset" to "G:/Unreal Projects/UnrealChris/Chris/Content/StarterContent/Textures/T_Wood_Oak_N.uasset"
[2015.09.07-20.12.33:406][  0]LogPackFactory: Copied "../../../Samples/StarterContent/Content/StarterContent/Textures/T_Wood_Pine_D.uasset" to "G:/Unreal Projects/UnrealChris/Chris/Content/StarterContent/Textures/T_Wood_Pine_D.uasset"
[2015.09.07-20.12.33:408][  0]LogPackFactory: Copied "../../../Samples/StarterContent/Content/StarterContent/Textures/T_Wood_Pine_N.uasset" to "G:/Unreal Projects/UnrealChris/Chris/Content/StarterContent/Textures/T_Wood_Pine_N.uasset"
[2015.09.07-20.12.33:412][  0]LogPackFactory: Copied "../../../Samples/StarterContent/Content/StarterContent/Textures/T_Wood_Walnut_D.uasset" to "G:/Unreal Projects/UnrealChris/Chris/Content/StarterContent/Textures/T_Wood_Walnut_D.uasset"
[2015.09.07-20.12.33:414][  0]LogPackFactory: Copied "../../../Samples/StarterContent/Content/StarterContent/Textures/T_Wood_Walnut_N.uasset" to "G:/Unreal Projects/UnrealChris/Chris/Content/StarterContent/Textures/T_Wood_Walnut_N.uasset"
[2015.09.07-20.12.33:487][  0]LogRenderer: Reallocating scene render targets to support 256x256 (Frame:2).
[2015.09.07-20.12.33:574][  0]Cmd: OBJ SAVEPACKAGE PACKAGE="/Game/StarterContent/Architecture/Floor_400x400" FILE="G:/Unreal Projects/UnrealChris/Chris/Content/StarterContent/Architecture/Floor_400x400.uasset" SILENT=true
[2015.09.07-20.12.33:582][  0]LogSavePackage: Save=6.629182ms
[2015.09.07-20.12.33:582][  0]LogSavePackage: Moving 'G:/Unreal Projects/UnrealChris/Chris/Saved/Floor_400x400F09CB7814E54D9DC1BE1939169870B4B.tmp' to 'G:/Unreal Projects/UnrealChris/Chris/Content/StarterContent/Architecture/Floor_400x400.uasset'
[2015.09.07-20.12.33:583][  0]LogSavePackage: Total save time: 7.874317ms
[2015.09.07-20.12.33:583][  0]LogSavePackage:Warning: Finished SavePackage G:/Unreal Projects/UnrealChris/Chris/Content/StarterContent/Architecture/Floor_400x400.uasset
[2015.09.07-20.12.33:583][  0]LogFeaturePack:Warning: Inserted 1 feature packs
[2015.09.07-20.12.33:583][  0]Cmd: MAP LOAD FILE="G:/Unreal Projects/UnrealChris/Chris/Content/Chris/Maps/Chris.umap" TEMPLATE=0 SHOWPROGRESS=1 FEATURELEVEL=3
[2015.09.07-20.12.33:584][  0]LightingResults: New page: Lighting Build
[2015.09.07-20.12.33:587][  0]MapCheck: New page: Map Check
[2015.09.07-20.12.33:587][  0]LightingResults: New page: Lighting Build
[2015.09.07-20.12.33:597][  0]LogParticles: Destroying 0 GPU particle simulations for FXSystem 0x000000D63FCEBCE0
[2015.09.07-20.12.33:978][  0]LogAIModule: Creating AISystem for world Chris
[2015.09.07-20.12.34:010][  0]LogEditorServer: Finished looking for orphan Actors (0.000 secs)
[2015.09.07-20.12.34:010][  0]Cmd: MAP CHECKDEP NOCLEARLOG
[2015.09.07-20.12.34:055][  0]MapCheck: Info Map check complete: 0 Error(s), 0 Warning(s), took 44.227ms to complete.
[2015.09.07-20.12.34:055][  0]LogFileHelpers: Loading map 'Chris' took 0.471
[2015.09.07-20.12.34:150][  0]LogCollectionManager: Loaded 0 collections in 0.001542 second