"../../../Chris/Content/StarterContent/Audio/Fire01.uasset" 0
"../../../Chris/Content/StarterContent/Audio/Fire01_Cue.uasset" 1
"../../../Chris/Content/StarterContent/Textures/T_Fire_SubUV.uasset" 2
"../../../Chris/Content/StarterContent/Textures/T_Fire_Tiled_D.uasset" 3
"../../../Chris/Content/StarterContent/Particles/Materials/M_Fire_SubUV.uasset" 4
"../../../Chris/Content/StarterContent/Textures/T_Water_N.uasset" 5
"../../../Chris/Content/StarterContent/Particles/Materials/M_Heat_Distortion.uasset" 6
"../../../Engine/Content/Functions/Engine_MaterialFunctions01/Gradient/RadialGradient.uasset" 7
"../../../Chris/Content/StarterContent/Particles/Materials/M_Radial_Gradient.uasset" 8
"../../../Chris/Content/StarterContent/Textures/T_Smoke_SubUV.uasset" 9
"../../../Chris/Content/StarterContent/Textures/T_Smoke_Tiled_D.uasset" 10
"../../../Chris/Content/StarterContent/Particles/Materials/M_smoke_subUV.uasset" 11
"../../../Chris/Content/StarterContent/Particles/P_Fire.uasset" 12
"../../../Chris/Content/StarterContent/Blueprints/Blueprint_Effect_Fire.uasset" 13
"../../../Chris/Content/StarterContent/Audio/Smoke01.uasset" 14
"../../../Chris/Content/StarterContent/Audio/Smoke01_Cue.uasset" 15
"../../../Chris/Content/StarterContent/Particles/P_Smoke.uasset" 16
"../../../Chris/Content/StarterContent/Blueprints/Blueprint_Effect_Smoke.uasset" 17
"../../../Chris/Content/StarterContent/Audio/Fire_Sparks01.uasset" 18
"../../../Chris/Content/StarterContent/Audio/Fire_Sparks01_Cue.uasset" 19
"../../../Chris/Content/StarterContent/Textures/T_Spark_Core.uasset" 20
"../../../Chris/Content/StarterContent/Particles/Materials/M_Spark.uasset" 21
"../../../Chris/Content/StarterContent/Particles/P_Sparks.uasset" 22
"../../../Chris/Content/StarterContent/Blueprints/Blueprint_Effect_Sparks.uasset" 23
"../../../Chris/Content/StarterContent/Audio/Steam01.uasset" 24
"../../../Chris/Content/StarterContent/Audio/Steam01_Cue.uasset" 25
"../../../Chris/Content/StarterContent/Particles/P_Steam_Lit.uasset" 26
"../../../Chris/Content/StarterContent/Blueprints/Blueprint_Effect_Steam.uasset" 27
"../../../Engine/Content/EditorBlueprintResources/StandardMacros.uasset" 28
"../../../Engine/Content/EngineSky/C_Sky_Cloud_Color.uasset" 29
"../../../Engine/Content/EngineSky/C_Sky_Horizon_Color.uasset" 30
"../../../Engine/Content/EngineSky/C_Sky_Zenith_Color.uasset" 31
"../../../Engine/Content/EngineSky/T_Sky_Blue.uasset" 32
"../../../Engine/Content/EngineSky/T_Sky_Clouds_M.uasset" 33
"../../../Engine/Content/EngineSky/T_Sky_Stars.uasset" 34
"../../../Engine/Content/EngineSky/SM_SkySphere.uasset" 35
"../../../Engine/Content/EngineSky/M_Sky_Panning_Clouds2.uasset" 36
"../../../Engine/Content/EngineSky/BP_Sky_Sphere.uasset" 37
"../../../Chris/Content/StarterContent/Textures/T_Lamp_M.uasset" 38
"../../../Chris/Content/StarterContent/Textures/T_Lamp_N.uasset" 39
"../../../Chris/Content/StarterContent/Props/Materials/M_Lamp.uasset" 40
"../../../Chris/Content/StarterContent/Props/SM_Lamp_Ceiling.uasset" 41
"../../../Chris/Content/StarterContent/Blueprints/Blueprint_CeilingLight.uasset" 42
"../../../Chris/Content/StarterContent/Props/SM_Lamp_Wall.uasset" 43
"../../../Chris/Content/StarterContent/Blueprints/Blueprint_WallSconce.uasset" 44
"../../../Engine/Content/EngineFonts/RobotoDistanceField.uasset" 45
"../../../Engine/Content/Functions/Engine_MaterialFunctions03/Procedurals/ComputeFilterWidth.uasset" 46
"../../../Engine/Content/EngineMaterials/AntiAliasedTextMaterialTranslucent.uasset" 47
"../../../Engine/Content/Functions/Engine_MaterialFunctions01/Opacity/CameraDepthFade.uasset" 48
"../../../Engine/Content/EngineMaterials/T_Default_Material_Grid_M.uasset" 49
"../../../Engine/Content/EngineMaterials/T_Default_Material_Grid_N.uasset" 50
"../../../Engine/Content/EngineMaterials/WorldGridMaterial.uasset" 51
"../../../Chris/Content/StarterContent/Textures/T_Brick_Clay_Beveled_D.uasset" 52
"../../../Chris/Content/StarterContent/Textures/T_Brick_Clay_Beveled_M.uasset" 53
"../../../Chris/Content/StarterContent/Textures/T_Brick_Clay_Beveled_N.uasset" 54
"../../../Chris/Content/StarterContent/Textures/T_MacroVariation.uasset" 55
"../../../Chris/Content/StarterContent/Materials/M_Brick_Clay_Beveled.uasset" 56
"../../../Chris/Content/StarterContent/Textures/T_Brick_Clay_New_D.uasset" 57
"../../../Chris/Content/StarterContent/Textures/T_Brick_Clay_New_M.uasset" 58
"../../../Chris/Content/StarterContent/Textures/T_Brick_Clay_New_N.uasset" 59
"../../../Chris/Content/StarterContent/Textures/T_Detail_Rocky_N.uasset" 60
"../../../Chris/Content/StarterContent/Materials/M_Brick_Clay_New.uasset" 61
"../../../Chris/Content/StarterContent/Textures/T_Brick_Clay_Old_D.uasset" 62
"../../../Chris/Content/StarterContent/Textures/T_Brick_Clay_Old_N.uasset" 63
"../../../Chris/Content/StarterContent/Textures/T_Perlin_Noise_M.uasset" 64
"../../../Chris/Content/StarterContent/Materials/M_Brick_Clay_Old.uasset" 65
"../../../Chris/Content/StarterContent/Textures/T_Brick_Cut_Stone_D.uasset" 66
"../../../Chris/Content/StarterContent/Textures/T_Brick_Cut_Stone_N.uasset" 67
"../../../Chris/Content/StarterContent/Materials/M_Brick_Cut_Stone.uasset" 68
"../../../Chris/Content/StarterContent/Textures/T_Brick_Hewn_Stone_D.uasset" 69
"../../../Chris/Content/StarterContent/Textures/T_Brick_Hewn_Stone_M.uasset" 70
"../../../Chris/Content/StarterContent/Textures/T_Brick_Hewn_Stone_N.uasset" 71
"../../../Chris/Content/StarterContent/Materials/M_Brick_Hewn_Stone.uasset" 72
"../../../Chris/Content/StarterContent/Textures/T_Ceramic_Tile_M.uasset" 73
"../../../Chris/Content/StarterContent/Textures/T_Ceramic_Tile_N.uasset" 74
"../../../Chris/Content/StarterContent/Textures/T_Rock_Marble_Polished_D.uasset" 75
"../../../Chris/Content/StarterContent/Materials/M_Ceramic_Tile_Checker.uasset" 76
"../../../Chris/Content/StarterContent/Textures/T_CobbleStone_Pebble_D.uasset" 77
"../../../Chris/Content/StarterContent/Textures/T_CobbleStone_Pebble_M.uasset" 78
"../../../Chris/Content/StarterContent/Textures/T_CobbleStone_Pebble_N.uasset" 79
"../../../Chris/Content/StarterContent/Materials/M_CobbleStone_Pebble.uasset" 80
"../../../Chris/Content/StarterContent/Textures/T_CobbleStone_Rough_D.uasset" 81
"../../../Chris/Content/StarterContent/Textures/T_CobbleStone_Rough_N.uasset" 82
"../../../Chris/Content/StarterContent/Textures/T_Gradinet_01.uasset" 83
"../../../Chris/Content/StarterContent/Textures/T_Rock_Smooth_Granite_D.uasset" 84
"../../../Chris/Content/StarterContent/Materials/M_CobbleStone_Rough.uasset" 85
"../../../Chris/Content/StarterContent/Textures/T_CobbleStone_Smooth_D.uasset" 86
"../../../Chris/Content/StarterContent/Textures/T_CobbleStone_Smooth_M.uasset" 87
"../../../Chris/Content/StarterContent/Textures/T_CobbleStone_Smooth_N.uasset" 88
"../../../Chris/Content/StarterContent/Materials/M_CobbleStone_Smooth.uasset" 89
"../../../Chris/Content/StarterContent/Textures/T_Concrete_Grime_D.uasset" 90
"../../../Chris/Content/StarterContent/Textures/T_Metal_Rust_N.uasset" 91
"../../../Chris/Content/StarterContent/Materials/M_Concrete_Grime.uasset" 92
"../../../Chris/Content/StarterContent/Textures/T_Concrete_Panels_D.uasset" 93
"../../../Chris/Content/StarterContent/Textures/T_Concrete_Panels_N.uasset" 94
"../../../Chris/Content/StarterContent/Materials/M_Concrete_Panels.uasset" 95
"../../../Chris/Content/StarterContent/Textures/T_Concrete_Poured_D.uasset" 96
"../../../Chris/Content/StarterContent/Textures/T_Concrete_Poured_N.uasset" 97
"../../../Chris/Content/StarterContent/Materials/M_Concrete_Poured.uasset" 98
"../../../Chris/Content/StarterContent/Textures/T_Concrete_Tiles_D.uasset" 99
"../../../Chris/Content/StarterContent/Textures/T_Concrete_Tiles_M.uasset" 100
"../../../Chris/Content/StarterContent/Textures/T_Concrete_Tiles_N.uasset" 101
"../../../Chris/Content/StarterContent/Textures/T_Concrete_Tiles_Variation_M.uasset" 102
"../../../Chris/Content/StarterContent/Materials/M_Concrete_Tiles.uasset" 103
"../../../Chris/Content/StarterContent/Textures/T_Ground_Grass_D.uasset" 104
"../../../Chris/Content/StarterContent/Textures/T_Ground_Grass_N.uasset" 105
"../../../Chris/Content/StarterContent/Materials/M_Ground_Grass.uasset" 106
"../../../Chris/Content/StarterContent/Textures/T_Ground_Gravel_D.uasset" 107
"../../../Chris/Content/StarterContent/Textures/T_Ground_Gravel_N.uasset" 108
"../../../Chris/Content/StarterContent/Materials/M_Ground_Gravel.uasset" 109
"../../../Chris/Content/StarterContent/Textures/T_ground_Moss_D.uasset" 110
"../../../Chris/Content/StarterContent/Textures/T_Ground_Moss_N.uasset" 111
"../../../Chris/Content/StarterContent/Materials/M_Ground_Moss.uasset" 112
"../../../Chris/Content/StarterContent/Materials/M_Metal_Brushed_Nickel.uasset" 113
"../../../Chris/Content/StarterContent/Textures/T_Metal_Aluminum_D.uasset" 114
"../../../Chris/Content/StarterContent/Textures/T_Metal_Gold_N.uasset" 115
"../../../Chris/Content/StarterContent/Materials/M_Metal_Burnished_Steel.uasset" 116
"../../../Chris/Content/StarterContent/Materials/M_Metal_Chrome.uasset" 117
"../../../Chris/Content/StarterContent/Textures/T_Metal_Copper_D.uasset" 118
"../../../Chris/Content/StarterContent/Materials/M_Metal_Copper.uasset" 119
"../../../Chris/Content/StarterContent/Textures/T_Metal_Gold_D.uasset" 120
"../../../Chris/Content/StarterContent/Materials/M_Metal_Gold.uasset" 121
"../../../Engine/Content/Functions/Engine_MaterialFunctions02/Utility/BlendAngleCorrectedNormals.uasset" 122
"../../../Chris/Content/StarterContent/Textures/T_Metal_Rust_D.uasset" 123
"../../../Chris/Content/StarterContent/Materials/M_Metal_Rust.uasset" 124
"../../../Chris/Content/StarterContent/Textures/T_Metal_Steel_D.uasset" 125
"../../../Chris/Content/StarterContent/Textures/T_Metal_Steel_N.uasset" 126
"../../../Chris/Content/StarterContent/Materials/M_Metal_Steel.uasset" 127
"../../../Chris/Content/StarterContent/Textures/T_Rock_Basalt_D.uasset" 128
"../../../Chris/Content/StarterContent/Textures/T_Rock_Basalt_N.uasset" 129
"../../../Chris/Content/StarterContent/Materials/M_Rock_Basalt.uasset" 130
"../../../Chris/Content/StarterContent/Materials/M_Rock_Marble_Polished.uasset" 131
"../../../Chris/Content/StarterContent/Textures/T_Rock_Sandstone_D.uasset" 132
"../../../Chris/Content/StarterContent/Textures/T_Rock_Sandstone_N.uasset" 133
"../../../Chris/Content/StarterContent/Materials/M_Rock_Sandstone.uasset" 134
"../../../Chris/Content/StarterContent/Textures/T_Rock_Slate_D.uasset" 135
"../../../Chris/Content/StarterContent/Textures/T_Rock_Slate_N.uasset" 136
"../../../Chris/Content/StarterContent/Materials/M_Rock_Slate.uasset" 137
"../../../Chris/Content/StarterContent/Textures/T_Checker_Noise_M.uasset" 138
"../../../Chris/Content/StarterContent/Textures/T_Single_Tile_N.uasset" 139
"../../../Chris/Content/StarterContent/Textures/T_Tech_Dot_M.uasset" 140
"../../../Chris/Content/StarterContent/Textures/T_Tech_Dot_N.uasset" 141
"../../../Chris/Content/StarterContent/Materials/M_Tech_Checker_Dot.uasset" 142
"../../../Chris/Content/StarterContent/Textures/T_Tech_Hex_Tile_M.uasset" 143
"../../../Chris/Content/StarterContent/Textures/T_Tech_Hex_Tile_N.uasset" 144
"../../../Chris/Content/StarterContent/Materials/M_Tech_Hex_Tile.uasset" 145
"../../../Chris/Content/StarterContent/Materials/M_Tech_Hex_Tile_Pulse.uasset" 146
"../../../Chris/Content/StarterContent/Textures/T_Tech_Panel_M.uasset" 147
"../../../Chris/Content/StarterContent/Textures/T_Tech_Panel_N.uasset" 148
"../../../Chris/Content/StarterContent/Materials/M_Tech_Panel.uasset" 149
"../../../Chris/Content/StarterContent/Materials/M_Water_Lake.uasset" 150
"../../../Chris/Content/StarterContent/Textures/T_Water_M.uasset" 151
"../../../Chris/Content/StarterContent/Materials/M_Water_Ocean.uasset" 152
"../../../Chris/Content/StarterContent/Textures/T_Wood_Floor_Walnut_D.uasset" 153
"../../../Chris/Content/StarterContent/Textures/T_Wood_Floor_Walnut_M.uasset" 154
"../../../Chris/Content/StarterContent/Textures/T_Wood_Floor_Walnut_N.uasset" 155
"../../../Chris/Content/StarterContent/Materials/M_Wood_Floor_Walnut_Polished.uasset" 156
"../../../Engine/Content/Functions/Engine_MaterialFunctions01/Opacity/AlphaOffset.uasset" 157
"../../../Chris/Content/StarterContent/Materials/M_Wood_Floor_Walnut_Worn.uasset" 158
"../../../Chris/Content/StarterContent/Textures/T_Wood_Oak_D.uasset" 159
"../../../Chris/Content/StarterContent/Textures/T_Wood_Oak_N.uasset" 160
"../../../Chris/Content/StarterContent/Materials/M_Wood_Oak.uasset" 161
"../../../Chris/Content/StarterContent/Textures/T_Wood_Pine_D.uasset" 162
"../../../Chris/Content/StarterContent/Textures/T_Wood_Pine_N.uasset" 163
"../../../Chris/Content/StarterContent/Materials/M_Wood_Pine.uasset" 164
"../../../Chris/Content/StarterContent/Textures/T_Wood_Walnut_D.uasset" 165
"../../../Chris/Content/StarterContent/Textures/T_Wood_Walnut_N.uasset" 166
"../../../Chris/Content/StarterContent/Materials/M_Wood_Walnut.uasset" 167
"../../../Chris/Content/StarterContent/Textures/T_Chair_M.uasset" 168
"../../../Chris/Content/StarterContent/Textures/T_Chair_N.uasset" 169
"../../../Chris/Content/StarterContent/Props/Materials/M_Chair.uasset" 170
"../../../Chris/Content/StarterContent/Materials/M_Basic_Floor.uasset" 171
"../../../Chris/Content/StarterContent/Architecture/Floor_400x400.uasset" 172
"../../../Chris/Content/StarterContent/Materials/M_Basic_Wall.uasset" 173
"../../../Chris/Content/StarterContent/Architecture/Wall_400x200.uasset" 174
"../../../Chris/Content/StarterContent/Architecture/Wall_Door_400x300.uasset" 175
"../../../Chris/Content/StarterContent/Architecture/Wall_Window_400x300.uasset" 176
"../../../Chris/Content/StarterContent/Audio/Collapse01.uasset" 177
"../../../Chris/Content/StarterContent/Audio/Collapse02.uasset" 178
"../../../Chris/Content/StarterContent/Audio/Collapse_Cue.uasset" 179
"../../../Chris/Content/StarterContent/Audio/Starter_Birds01.uasset" 180
"../../../Chris/Content/StarterContent/Audio/Starter_Wind05.uasset" 181
"../../../Chris/Content/StarterContent/Audio/Starter_Wind06.uasset" 182
"../../../Chris/Content/StarterContent/Audio/Starter_Background_Cue.uasset" 183
"../../../Chris/Content/StarterContent/Audio/Starter_Music01.uasset" 184
"../../../Chris/Content/StarterContent/Audio/Starter_Music_Cue.uasset" 185
"../../../Chris/Content/StarterContent/Textures/T_Dust_Particle_D.uasset" 186
"../../../Chris/Content/StarterContent/Particles/Materials/M_Dust_Particle.uasset" 187
"../../../Chris/Content/StarterContent/Particles/P_Ambient_Dust.uasset" 188
"../../../Chris/Content/StarterContent/Props/MaterialSphere.uasset" 189
"../../../Chris/Content/StarterContent/Props/SM_Chair.uasset" 190
"../../../Chris/Content/StarterContent/Textures/T_Frame_M.uasset" 191
"../../../Chris/Content/StarterContent/Textures/T_Frame_N.uasset" 192
"../../../Chris/Content/StarterContent/Props/Materials/M_Frame.uasset" 193
"../../../Chris/Content/StarterContent/Props/SM_CornerFrame.uasset" 194
"../../../Chris/Content/StarterContent/Props/SM_DoorFrame.uasset" 195
"../../../Chris/Content/StarterContent/Materials/M_Glass.uasset" 196
"../../../Chris/Content/StarterContent/Props/SM_GlassWindow.uasset" 197
"../../../Chris/Content/StarterContent/Props/SM_PillarFrame.uasset" 198
"../../../Chris/Content/StarterContent/Props/SM_PillarFrame300.uasset" 199
"../../../Chris/Content/StarterContent/Textures/T_Statue_M.uasset" 200
"../../../Chris/Content/StarterContent/Textures/T_Statue_N.uasset" 201
"../../../Chris/Content/StarterContent/Props/Materials/M_Statue.uasset" 202
"../../../Chris/Content/StarterContent/Props/Materials/M_StatueGlass.uasset" 203
"../../../Chris/Content/StarterContent/Props/SM_Statue.uasset" 204
"../../../Chris/Content/StarterContent/Textures/T_TableRound_M.uasset" 205
"../../../Chris/Content/StarterContent/Textures/T_TableRound_N.uasset" 206
"../../../Chris/Content/StarterContent/Props/Materials/M_TableRound.uasset" 207
"../../../Chris/Content/StarterContent/Props/SM_TableRound.uasset" 208
"../../../Chris/Content/StarterContent/Props/SM_WindowFrame.uasset" 209
"../../../Chris/Content/StarterContent/Shapes/Shape_Cube.uasset" 210
"../../../Chris/Content/StarterContent/Shapes/Shape_QuadPyramid.uasset" 211
"../../../Chris/Content/StarterContent/Shapes/Shape_Sphere.uasset" 212
"../../../Chris/Content/StarterContent/Maps/StarterMap.umap" 213
"../../../Chris/Content/Chris/Character/Char_packed0_diffuse.uasset" 214
"../../../Chris/Content/Chris/Character/Char_packed0_normal.uasset" 215
"../../../Chris/Content/Chris/Character/Char_packed0_specular.uasset" 216
"../../../Chris/Content/Chris/Character/M_CharMaterial.uasset" 217
"../../../Chris/Content/Chris/Character/Char_PhysicsAsset.uasset" 218
"../../../Chris/Content/Chris/Character/Char.uasset" 219
"../../../Chris/Content/Chris/Character/Char_Skeleton.uasset" 220
"../../../Chris/Content/Chris/Character/A_GangnamStyle.uasset" 221
"../../../Chris/Content/Chris/Character/A_Idle.uasset" 222
"../../../Chris/Content/Chris/Blueprint/AB_Char.uasset" 223
"../../../Chris/Content/Chris/Interface/bg_menu.uasset" 224
"../../../Chris/Content/Chris/Interface/Menu.uasset" 225
"../../../Chris/Content/Chris/ETC/NewFont.uasset" 226
"../../../Chris/Content/Chris/Interface/Menu_MP.uasset" 227
"../../../Chris/Content/Chris/NewGameInstance.uasset" 228
"../../../Chris/Content/Chris/Interface/Menu_Settings.uasset" 229
"../../../Chris/Content/Chris/Blueprint/B_Char.uasset" 230
"../../../Chris/Content/Chris/Maps/Menu.umap" 231
"../../../Chris/Content/Chris/ETC/B_Window.uasset" 232
"../../../Chris/Content/Chris/ETC/nboden.uasset" 233
"../../../Chris/Content/Chris/ETC/nbodennormal.uasset" 234
"../../../Chris/Content/Chris/ETC/M_Fliese.uasset" 235
"../../../Engine/Content/EngineMaterials/DefaultPhysicalMaterial.uasset" 236
"../../../Engine/Content/EngineMaterials/DefaultMaterial.uasset" 237
"../../../Engine/Content/MapTemplates/SM_Template_Map_Floor.uasset" 238
"../../../Chris/Content/StarterContent/Textures/T_RockMesh_M.uasset" 239
"../../../Chris/Content/StarterContent/Textures/T_RockMesh_N.uasset" 240
"../../../Chris/Content/StarterContent/Props/Materials/M_Rock.uasset" 241
"../../../Chris/Content/StarterContent/Props/SM_Rock.uasset" 242
"../../../Chris/Content/Chris/Maps/Chris.umap" 243
"../../../Chris/Content/StarterContent/Maps/Minimal_Default.umap" 244
"../../../Chris/Content/Chris/ETC/Unbenannt-2.uasset" 245
"../../../Chris/Content/Chris/ETC/Unbenannt-2_Mat.uasset" 246
"../../../Chris/Content/StarterContent/Textures/T_Brick_Clay_New_Rot_D.uasset" 247
"../../../Chris/Content/StarterContent/Materials/M_Brick_Clay_New_Rot.uasset" 248
"../../../Engine/Content/BasicShapes/Cube.uasset" 249
"../../../Chris/Content/Chris/Maps/Frederik.umap" 250
"../../../Engine/Content/Functions/MaterialLayerFunctions/MatLayerBlend_NormalBlend.uasset" 251
"../../../Engine/Content/Functions/MaterialLayerFunctions/MatLayerBlend_Simple.uasset" 252
"../../../Chris/Content/FirstPerson/Character/Materials/MaterialLayers/T_ML_Rubber_Blue_01_D.uasset" 253
"../../../Chris/Content/FirstPerson/Character/Materials/MaterialLayers/T_ML_Rubber_Blue_01_N.uasset" 254
"../../../Chris/Content/FirstPerson/Character/Materials/MaterialLayers/ML_GlossyBlack_Latex_UE4.uasset" 255
"../../../Chris/Content/FirstPerson/Character/Materials/MaterialLayers/ML_Plastic_Shiny_Beige.uasset" 256
"../../../Chris/Content/FirstPerson/Character/Textures/UE4_LOGO_CARD.uasset" 257
"../../../Chris/Content/FirstPerson/Character/Materials/MaterialLayers/ML_Plastic_Shiny_Beige_LOGO.uasset" 258
"../../../Chris/Content/FirstPerson/Character/Materials/MaterialLayers/T_ML_Aluminum01.uasset" 259
"../../../Chris/Content/FirstPerson/Character/Materials/MaterialLayers/T_ML_Aluminum01_N.uasset" 260
"../../../Chris/Content/FirstPerson/Character/Materials/MaterialLayers/ML_SoftMetal_UE4.uasset" 261
"../../../Chris/Content/FirstPerson/Character/Textures/UE4_Mannequin__normals.uasset" 262
"../../../Chris/Content/FirstPerson/Character/Textures/UE4_Mannequin_MAT_MASKA.uasset" 263
"../../../Chris/Content/FirstPerson/Character/Materials/M_UE4Man_Body.uasset" 264
"../../../Chris/Content/FirstPerson/Character/Mesh/SK_Mannequin_Arms_PhysicsAsset.uasset" 265
"../../../Chris/Content/FirstPerson/Character/Mesh/SK_Mannequin_Arms.uasset" 266
"../../../Chris/Content/FirstPerson/Character/Mesh/SK_Mannequin_Arms_Skeleton.uasset" 267
"../../../Chris/Content/FirstPerson/Animations/FirstPerson_Idle.uasset" 268
"../../../Chris/Content/FirstPerson/Animations/FirstPerson_JumpEnd.uasset" 269
"../../../Chris/Content/FirstPerson/Animations/FirstPerson_JumpLoop.uasset" 270
"../../../Chris/Content/FirstPerson/Animations/FirstPerson_JumpStart.uasset" 271
"../../../Chris/Content/FirstPerson/Animations/FirstPerson_Run.uasset" 272
"../../../Chris/Content/FirstPerson/Animations/FirstPerson_AnimBP.uasset" 273
"../../../Chris/Content/FirstPerson/Animations/FirstPerson_Fire.uasset" 274
"../../../Chris/Content/FirstPerson/Animations/FirstPersonFire_Montage.uasset" 275
"../../../Chris/Content/FirstPerson/Meshes/BaseMaterial.uasset" 276
"../../../Chris/Content/FirstPerson/Meshes/FirstPersonProjectileMaterial.uasset" 277
"../../../Chris/Content/FirstPerson/Meshes/FirstPersonProjectileMesh.uasset" 278
"../../../Chris/Content/FirstPersonBP/Blueprints/FirstPersonProjectile.uasset" 279
"../../../Chris/Content/FirstPerson/Audio/FirstPersonTemplateWeaponFire02.uasset" 280
"../../../Chris/Content/FirstPerson/FPWeapon/Materials/MaterialLayers/T_ML_Rubber_Blue_01_D.uasset" 281
"../../../Chris/Content/FirstPerson/FPWeapon/Materials/MaterialLayers/T_ML_Rubber_Blue_01_N.uasset" 282
"../../../Chris/Content/FirstPerson/FPWeapon/Materials/MaterialLayers/ML_GlossyBlack_Latex_UE4.uasset" 283
"../../../Chris/Content/FirstPerson/FPWeapon/Materials/MaterialLayers/ML_Plastic_Shiny_Beige.uasset" 284
"../../../Chris/Content/FirstPerson/FPWeapon/Materials/MaterialLayers/ML_Screen.uasset" 285
"../../../Chris/Content/FirstPerson/FPWeapon/Materials/MaterialLayers/T_ML_Aluminum01.uasset" 286
"../../../Chris/Content/FirstPerson/FPWeapon/Materials/MaterialLayers/T_ML_Aluminum01_N.uasset" 287
"../../../Chris/Content/FirstPerson/FPWeapon/Materials/MaterialLayers/ML_SoftMetal_UE4.uasset" 288
"../../../Chris/Content/FirstPerson/FPWeapon/Textures/T_FPGun_M.uasset" 289
"../../../Chris/Content/FirstPerson/FPWeapon/Textures/T_FPGun_N.uasset" 290
"../../../Chris/Content/FirstPerson/FPWeapon/Materials/M_FPGun.uasset" 291
"../../../Chris/Content/FirstPerson/FPWeapon/Mesh/SK_FPGun_Skeleton.uasset" 292
"../../../Chris/Content/FirstPerson/FPWeapon/Mesh/SK_FPGun.uasset" 293
"../../../Chris/Content/FirstPersonBP/Blueprints/FirstPersonCharacter.uasset" 294
"../../../Chris/Content/FirstPerson/Meshes/CubeMaterialOverride.uasset" 295
"../../../Chris/Content/Geometry/Meshes/CubeMaterial.uasset" 296
"../../../Chris/Content/Geometry/Meshes/1M_Cube.uasset" 297
"../../../Chris/Content/FirstPersonBP/Maps/FirstPersonExampleMap.umap" 298
"../../../Chris/Content/StarterContent/Blueprints/Assets/FogBrightnessLUT.uasset" 299
"../../../Chris/Content/StarterContent/Blueprints/Assets/SunlightColorLUT.uasset" 300
"../../../Chris/Content/StarterContent/Blueprints/Assets/M_LightStage_Arrows.uasset" 301
"../../../Engine/Content/MapTemplates/Sky/DaylightAmbientCubemap.uasset" 302
"../../../Chris/Content/StarterContent/Blueprints/Assets/M_LightStage_Skybox_Master.uasset" 303
"../../../Chris/Content/StarterContent/Blueprints/Assets/M_LightStage_Skybox_Black.uasset" 304
"../../../Chris/Content/StarterContent/Blueprints/Assets/M_LightStage_Skybox_HDRI.uasset" 305
"../../../Engine/Content/EditorMaterials/Thumbnails/SkySphereMaterial.uasset" 306
"../../../Chris/Content/StarterContent/Blueprints/Assets/Skybox.uasset" 307
"../../../Chris/Content/StarterContent/Blueprints/Assets/SM_Arrows.uasset" 308
"../../../Chris/Content/StarterContent/HDRI/HDRI_Epic_Courtyard_Daylight.uasset" 309
"../../../Chris/Content/StarterContent/Blueprints/BP_LightStudio.uasset" 310
"../../../Chris/Content/StarterContent/Materials/M_AssetPlatform.uasset" 311
"../../../Engine/Content/EditorMeshes/ColorCalibrator/M_ChromeBall.uasset" 312
"../../../Engine/Content/EditorMeshes/ColorCalibrator/M_ClearCoat.uasset" 313
"../../../Engine/Content/EditorMeshes/ColorCalibrator/M_ClearCoatBlack.uasset" 314
"../../../Engine/Content/EditorMeshes/ColorCalibrator/T_ColorGrid.uasset" 315
"../../../Engine/Content/EditorMeshes/ColorCalibrator/M_ColorGrid.uasset" 316
"../../../Engine/Content/EditorMeshes/ColorCalibrator/M_GreyBall.uasset" 317
"../../../Engine/Content/EditorMeshes/ColorCalibrator/SM_ColorCalibrator.uasset" 318
"../../../Chris/Content/StarterContent/Architecture/SM_AssetPlatform.uasset" 319
"../../../Chris/Content/StarterContent/Maps/Advanced_Lighting.umap" 320
"../../../Engine/Content/EngineFonts/Roboto.uasset" 321
"../../../Engine/Content/Functions/Engine_MaterialFunctions01/Shading/PowerToRoughness.uasset" 322
"../../../Engine/Content/EngineMaterials/DefaultDiffuse.uasset" 323
"../../../Engine/Content/EngineMaterials/DefaultDeferredDecalMaterial.uasset" 324
"../../../Engine/Content/EngineMaterials/DefaultLightFunctionMaterial.uasset" 325
"../../../Engine/Content/Functions/Engine_MaterialFunctions02/Utility/BreakOutFloat2Components.uasset" 326
"../../../Engine/Content/EngineMaterials/DefaultPostProcessMaterial.uasset" 327
"../../../Engine/Content/EngineResources/DefaultTexture.uasset" 328
"../../../Engine/Content/Functions/Engine_MaterialFunctions02/Texturing/ScreenAlignedUVs.uasset" 329
"../../../Engine/Content/EngineResources/WhiteSquareTexture.uasset" 330
"../../../Engine/Content/EngineMaterials/Widget3DPassThrough.uasset" 331
"../../../Engine/Content/EngineMaterials/Widget3DPassThrough_Translucent.uasset" 332
"../../../Engine/Content/EngineMaterials/Widget3DPassThrough_Translucent_OneSided.uasset" 333
"../../../Engine/Content/EngineMaterials/Widget3DPassThrough_Opaque.uasset" 334
"../../../Engine/Content/EngineMaterials/Widget3DPassThrough_Opaque_OneSided.uasset" 335
"../../../Engine/Content/EngineMaterials/Widget3DPassThrough_Masked.uasset" 336
"../../../Engine/Content/EngineMaterials/Widget3DPassThrough_Masked_OneSided.uasset" 337
"../../../Engine/Content/EditorResources/S_Actor.uasset" 338
"../../../Engine/Content/Maps/Templates/Thumbnails/Default.uasset" 339
"../../../Engine/Content/EditorMaterials/ParticleSystems/PSysThumbnail_NoImage.uasset" 340
"../../../Engine/Content/EditorMaterials/ParticleSystems/PSysThumbnail_OOD.uasset" 341
"../../../Engine/Content/EditorLandscapeResources/DataLayer.uasset" 342
"../../../Engine/Content/EngineDamageTypes/DmgTypeBP_Environmental.uasset" 343
"../../../Engine/Content/EngineMeshes/Sphere.uasset" 344
"../../../Engine/Content/EngineMaterials/DefaultTextMaterialOpaque.uasset" 345
"../../../Engine/Content/EditorResources/S_Trigger.uasset" 346
"../../../Engine/Content/EngineResources/GradientTexture0.uasset" 347
"../../../Engine/Content/EngineResources/Black.uasset" 348
"../../../Engine/Content/EditorMaterials/MatineeGroups/MAT_Groups_Float.uasset" 349
"../../../Engine/Content/EditorMaterials/MatineeGroups/MAT_Groups_Director.uasset" 350
"../../../Engine/Content/EditorMaterials/MatineeGroups/MAT_Groups_Event.uasset" 351
"../../../Engine/Content/EditorMaterials/MatineeGroups/MAT_Groups_Anim.uasset" 352
"../../../Engine/Content/EditorMaterials/MatineeGroups/MAT_Groups_Fade.uasset" 353
"../../../Engine/Content/EditorMaterials/MatineeGroups/MAT_Groups_Move.uasset" 354
"../../../Engine/Content/EditorMaterials/MatineeGroups/MAT_Groups_Slomo.uasset" 355
"../../../Engine/Content/EditorMaterials/MatineeGroups/MAT_ColorTrack.uasset" 356
"../../../Engine/Content/EditorMaterials/MAT_Groups_Toggle.uasset" 357
"../../../Engine/Content/EditorMaterials/MatineeGroups/MAT_Groups_AudioMaster.uasset" 358
"../../../Engine/Content/EditorMaterials/MatineeGroups/MAT_Groups_Sound.uasset" 359
"../../../Engine/Content/EditorMaterials/MatineeGroups/MAT_Groups_Vector.uasset" 360
"../../../Engine/Content/EditorMaterials/MAT_Groups_Visibility.uasset" 361
"../../../Engine/Content/EngineResources/DefaultTextureCube.uasset" 362
"../../../Engine/Content/EngineMeshes/Cylinder.uasset" 363
"../../../Engine/Content/EngineTireTypes/DefaultTireType.uasset" 364
"../../../Engine/Content/EngineResources/AICON-Red.uasset" 365
"../../../Engine/Content/EngineResources/AICON-Green.uasset" 366
"../../../Engine/Content/Tutorial/Basics/TutorialAssets/icon_tab_Levels_40x.uasset" 367
"../../../Engine/Content/Tutorial/Basics/LevelEditorOverview.uasset" 368
"../../../Engine/Content/Tutorial/Basics/LevelEditorAttract.uasset" 369
"../../../Engine/Content/Tutorial/ContentIntroCurve.uasset" 370
"../../../Engine/Plugins/2D/Paper2D/Content/PlaceholderTextures/DummySpriteTexture.uasset" 371
"../../../Engine/Plugins/2D/Paper2D/Content/DummySpriteTexture.uasset" 372
"../../../Engine/Plugins/2D/Paper2D/Content/DefaultSpriteMaterial.uasset" 373
"../../../Engine/Plugins/2D/Paper2D/Content/MaskedUnlitSpriteMaterial.uasset" 374
"../../../Engine/Plugins/2D/Paper2D/Content/OpaqueUnlitSpriteMaterial.uasset" 375
"../../../Engine/Plugins/2D/Paper2D/Content/DummySprite.uasset" 376
"../../../Engine/Plugins/2D/Paper2D/Content/DefaultPaperTerrainMaterial.uasset" 377
"../../../Engine/Plugins/Runtime/LeapMotionController/Content/LM_CapsuleMesh.uasset" 378
"../../../Engine/Plugins/Runtime/LeapMotionController/Content/LM_TorusMesh.uasset" 379
"../../../Engine/Plugins/Runtime/LeapMotionController/Content/LM_HandColor.uasset" 380
"../../../Engine/Plugins/Runtime/LeapMotionController/Content/LM_SampleDistortion.uasset" 381
"../../../Engine/Plugins/Runtime/LeapMotionController/Content/LM_TestTexture.uasset" 382
"../../../Engine/Plugins/Runtime/LeapMotionController/Content/LM_PassthroughMaterial.uasset" 383
"../../../Engine/Content/EngineMaterials/RemoveSurfaceMaterial.uasset" 384
"../../../Engine/Content/EngineDebugMaterials/DebugMeshMaterial.uasset" 385
"../../../Engine/Content/EngineMaterials/InvalidLightmapSettings.uasset" 386
"../../../Engine/Content/EngineMaterials/M_InvalidLightmapSettings.uasset" 387
"../../../Engine/Content/EditorMaterials/GizmoMaterial.uasset" 388
"../../../Engine/Content/EngineMaterials/Good64x64TilingNoiseHighFreq.uasset" 389
"../../../Engine/Content/EngineMaterials/DefaultBokeh.uasset" 390
"../../../Engine/Content/EngineMaterials/PreintegratedSkinBRDF.uasset" 391
"../../../Engine/Content/EngineMaterials/MiniFont.uasset" 392
"../../../Engine/Content/EngineMaterials/WeightMapPlaceholderTexture.uasset" 393
"../../../Engine/Content/EngineFonts/RobotoTiny.uasset" 394
"../../../Engine/Content/EditorResources/LightIcons/S_LightError.uasset" 395
"../../../Engine/Content/MobileResources/HUD/MobileHUDDirectionPad2.uasset" 396
"../../../Engine/Content/MobileResources/T_MobileMenu2.uasset" 397
"../../../Chris/Content/FirstPerson/FPWeapon/Materials/MaterialLayers/T_ML_FineRubber.uasset" 398
"../../../Chris/Content/StarterContent/Shapes/Shape_WideCapsule.uasset" 399
"../../../Chris/Content/Chris/ETC/Unbenannt-1.uasset" 400
"../../../Chris/Content/Chris/ETC/Unbenannt-1_Mat.uasset" 401
"../../../Engine/Content/MobileResources/HUD/MobileHUDButton2_on.uasset" 402
"../../../Engine/Content/MobileResources/HUD/AnalogHat.uasset" 403
"../../../Engine/Content/MobileResources/HUD/VirtualJoystick_Background.uasset" 404
"../../../Engine/Content/MobileResources/HUD/VirtualJoystick_Thumb.uasset" 405
"../../../Engine/Content/MobileResources/HUD/DefaultVirtualJoysticks.uasset" 406
"../../../Engine/Content/MobileResources/HUD/LeftVirtualJoystickOnly.uasset" 407
"../../../Chris/Content/Chris/ETC/ssbodennormal.uasset" 408
"../../../Engine/Content/MobileResources/HUD/MobileHUDDirectionPad.uasset" 409
"../../../Chris/Content/FirstPerson/FPWeapon/Mesh/SK_FPGun_PhysicsAsset.uasset" 410
"../../../Engine/Content/EditorResources/AudioIcons/S_AudioComponent_AutoActivate.uasset" 411
"../../../Engine/Content/EditorResources/EmptyActor.uasset" 412
"../../../Chris/Content/Chris/Character/A_Left_strafe_walking.uasset" 413
"../../../Chris/Content/Chris/Character/A_Right_strafe_walking.uasset" 414
"../../../Chris/Content/Chris/Character/A_Walking.uasset" 415
"../../../Chris/Content/Chris/ETC/Walk_BS.uasset" 416
"../../../Engine/Content/EditorMaterials/PhAT_JointLimitMaterial.uasset" 417
"../../../Engine/Content/EditorMaterials/PreviewShadowIndicator.uasset" 418
"../../../Engine/Content/EditorMaterials/PreviewShadowIndicatorMaterial.uasset" 419
"../../../Engine/Content/EditorResources/BSPVertex.uasset" 420
"../../../Engine/Content/EditorResources/AudioIcons/S_AudioComponent.uasset" 421
"../../../Engine/Content/EngineDebugMaterials/HeatmapGradient.uasset" 422
"../../../Engine/Content/EngineDebugMaterials/BoneWeightMaterial.uasset" 423
"../../../Engine/Content/EngineDebugMaterials/GeomMaterial.uasset" 424
"../../../Engine/Content/Functions/Engine_MaterialFunctions01/Shading/ConvertFromDiffSpec.uasset" 425
"../../../Engine/Content/EngineDebugMaterials/LevelColorationLitMaterial.uasset" 426
"../../../Engine/Content/EngineDebugMaterials/LevelColorationUnlitMaterial.uasset" 427
"../../../Engine/Content/EngineMaterials/DefaultWhiteGrid.uasset" 428
"../../../Engine/Content/EngineDebugMaterials/MAT_LevelColorationLitLightmapUV.uasset" 429
"../../../Engine/Content/EngineDebugMaterials/ShadedLevelColorationLitMaterial.uasset" 430
"../../../Engine/Content/EngineDebugMaterials/ShadedLevelColorationUnlitMateri.uasset" 431
"../../../Engine/Content/EngineDebugMaterials/VertexColorMaterial.uasset" 432
"../../../Engine/Content/EngineDebugMaterials/VertexColorViewMode_AlphaAsColor.uasset" 433
"../../../Engine/Content/EngineDebugMaterials/VertexColorViewMode_BlueOnly.uasset" 434
"../../../Engine/Content/EngineDebugMaterials/VertexColorViewMode_ColorOnly.uasset" 435
"../../../Engine/Content/EngineDebugMaterials/VertexColorViewMode_GreenOnly.uasset" 436
"../../../Engine/Content/EngineDebugMaterials/VertexColorViewMode_RedOnly.uasset" 437
"../../../Engine/Content/EngineDebugMaterials/WireframeMaterial.uasset" 438
"../../../Engine/Content/EngineMaterials/EditorBrushMaterial.uasset" 439
"../../../Engine/Content/MobileResources/T_MobileControls_texture.uasset" 440
"../../../Engine/Content/MobileResources/HUD/MobileHUDButton1_off.uasset" 441
"../../../Engine/Content/MobileResources/HUD/MobileHUDButton1_on.uasset" 442
"../../../Engine/Content/MobileResources/HUD/MobileHUDButton2_off.uasset" 443
"../../../Engine/Content/MobileResources/HUD/MobileHUDButton3.uasset" 444
"../../../Engine/Content/MobileResources/HUD/MobileHUDButtonFire.uasset" 445
"../../../Engine/Content/MobileResources/HUD/MobileHUDDirectionPad3.uasset" 446
"../../../Engine/Content/MobileResources/HUD/MobileHUDDirectionStick.uasset" 447
"../../../Engine/Content/MobileResources/HUD/T_Castle_ThumbstickInner.uasset" 448
"../../../Engine/Content/MobileResources/HUD/T_Castle_ThumbstickOutter.uasset" 449
"../../../Engine/Content/Tutorial/BlueprintTutorials/TutorialAssets/Blueprint_64x.uasset" 450
"../../../Engine/Content/Tutorial/BlueprintTutorials/BlueprintEditorTutorial.uasset" 451
"../../../Engine/Content/Tutorial/BlueprintTutorials/TutorialAssets/BlueprintInterface_64x.uasset" 452
"../../../Engine/Content/Tutorial/BlueprintTutorials/TutorialAssets/Tutorial_BP_Interface.uasset" 453
"../../../Engine/Content/Tutorial/BlueprintTutorials/BlueprintInterfacesEditorOverview.uasset" 454
"../../../Engine/Content/Tutorial/BlueprintTutorials/TutorialAssets/BlueprintMacroLibrary_64x.uasset" 455
"../../../Engine/Content/Tutorial/BlueprintTutorials/TutorialAssets/Tutorial_BP_MacroLib.uasset" 456
"../../../Engine/Content/Tutorial/BlueprintTutorials/BlueprintMacroLibrariesEditorOverview.uasset" 457
"../../../Engine/Content/Tutorial/BlueprintTutorials/LevelBlueprintEditorOverview.uasset" 458
"../../../Engine/Content/Tutorial/Foliage/TutorialAssets/Foliage.uasset" 459
"../../../Engine/Content/Tutorial/Foliage/Foliage_Settings_Tutorial.uasset" 460
"../../../Engine/Content/Tutorial/Foliage/Foliage_Using_The_Tool_Tutorial.uasset" 461
"../../../Engine/Content/Tutorial/Foliage/Foliage_Intro_Tutorial.uasset" 462
"../../../Engine/Content/Tutorial/Landscape/TutorialAssets/Landscape.uasset" 463
"../../../Engine/Content/Tutorial/Landscape/Landscape_Painting_Mode.uasset" 464
"../../../Engine/Content/Tutorial/Landscape/Landscape_Sculpt_Mode.uasset" 465
"../../../Engine/Content/Tutorial/Landscape/Landscape_Manage_Mode.uasset" 466
"../../../Engine/Content/Tutorial/Paper2D/TutorialAssets/Paper2DFlipbook_TutorialIcon.uasset" 467
"../../../Engine/Content/Tutorial/Paper2D/FlipbookEditorTutorial.uasset" 468
"../../../Engine/Content/Tutorial/Paper2D/TutorialAssets/Paper2DSprite_TutorialIcon.uasset" 469
"../../../Engine/Content/Tutorial/Paper2D/SpriteEditorTutorial.uasset" 470
"../../../Engine/Content/EditorMeshes/EditorCube.uasset" 471
"../../../Engine/Content/Tutorial/SubEditors/TutorialAssets/Tutorial_DM.uasset" 472
"../../../Engine/Content/Tutorial/SubEditors/DestructibleMeshEditorTutorial.uasset" 473
"../../../Engine/Content/Tutorial/SubEditors/TutorialAssets/TutorialMaterial.uasset" 474
"../../../Engine/Content/Tutorial/SubEditors/MaterialEditorTutorial.uasset" 475
"../../../Engine/Content/Tutorial/SubEditors/TutorialAssets/T_SmokeSubUV_8X8.uasset" 476
"../../../Engine/Content/Tutorial/SubEditors/TutorialAssets/T_soft_smoke.uasset" 477
"../../../Engine/Content/Tutorial/SubEditors/TutorialAssets/M_smoke_subUV_blackbody.uasset" 478
"../../../Engine/Content/Tutorial/SubEditors/TutorialAssets/TutorialParticleSystem.uasset" 479
"../../../Engine/Content/Tutorial/SubEditors/ParticleSystemEditorTutorial.uasset" 480
"../../../Engine/Content/Tutorial/SubEditors/TutorialAssets/icon_ShowSkeletalMeshes_40x.uasset" 481
"../../../Engine/Content/Tutorial/SubEditors/TutorialAssets/Character/TutorialTPP_Mat.uasset" 482
"../../../Engine/Content/Tutorial/SubEditors/TutorialAssets/Character/TutorialTPP_PhysicsAsset.uasset" 483
"../../../Engine/Content/Tutorial/SubEditors/TutorialAssets/Character/TutorialTPP.uasset" 484
"../../../Engine/Content/Tutorial/SubEditors/TutorialAssets/Character/TutorialTPP_Skeleton.uasset" 485
"../../../Engine/Content/Tutorial/SubEditors/TutorialAssets/Character/Tutorial_Idle.uasset" 486
"../../../Engine/Content/Tutorial/SubEditors/TutorialAssets/Character/Tutorial_Walk_Fwd.uasset" 487
"../../../Engine/Content/Tutorial/SubEditors/TutorialAssets/Character/NewBlendSpace1D.uasset" 488
"../../../Engine/Content/Tutorial/SubEditors/TutorialAssets/Character/TutorialCharacter.uasset" 489
"../../../Engine/Content/Tutorial/SubEditors/TutorialAssets/Character/TutorialTPP_AnimBlueprint.uasset" 490
"../../../Engine/Content/Tutorial/SubEditors/PersonaAnimBlueprintEditorWalkthrough.uasset" 491
"../../../Engine/Content/Tutorial/SubEditors/PersonaAnimEditorWalkthrough.uasset" 492
"../../../Engine/Content/Tutorial/SubEditors/PersonaAnimEditorTutorial.uasset" 493
"../../../Engine/Content/EngineMeshes/Cube.uasset" 494
"../../../Engine/Content/Tutorial/SubEditors/StaticMeshEditorTutorial.uasset" 495
"../../../Engine/Content/Tutorial/SubEditors/TutorialAssets/icon_Editor_Preferences_General_40x.uasset" 496
"../../../Chris/Content/Chris/Blueprint/MyGame.uasset" 497
"../../../Chris/Content/Chris/Character/A_Jump.uasset" 498
"../../../Chris/Content/Chris/Interface/BI_Display_HUD.uasset" 499
"../../../Chris/Content/Chris/Interface/HUD_Display.uasset" 500
"../../../Chris/Content/FirstPerson/Animations/FirstPerson_EndJump.uasset" 501
"../../../Chris/Content/FirstPerson/Animations/FirstPerson_LoopJump.uasset" 502
"../../../Chris/Content/FirstPerson/Animations/FirstPerson_StartJump.uasset" 503
"../../../Chris/Content/FirstPerson/Character/Mesh/FirstPersonAnimBlueprint_Copy.uasset" 504
"../../../Chris/Content/FirstPerson/FPWeapon/Materials/MaterialLayers/ML_Plastic_Shiny_Beige_LOGO.uasset" 505
"../../../Chris/Content/FirstPersonBP/FirstPersonOverview.uasset" 506
"../../../Chris/Content/FirstPerson/Textures/FirstPersonCrosshair.uasset" 507
"../../../Chris/Content/FirstPersonBP/Blueprints/FirstPersonHUD.uasset" 508
"../../../Chris/Content/FirstPersonBP/Blueprints/FirstPersonGameMode.uasset" 509
"../../../Chris/Content/Geometry/Meshes/1M_Cube_Chamfer.uasset" 510
"../../../Chris/Content/Geometry/Meshes/TemplateFloor.uasset" 511
"../../../Chris/Content/StarterContent/Architecture/Pillar_50x500.uasset" 512
"../../../Chris/Content/StarterContent/Architecture/Wall_400x300.uasset" 513
"../../../Chris/Content/StarterContent/Architecture/Wall_400x400.uasset" 514
"../../../Chris/Content/StarterContent/Architecture/Wall_500x500.uasset" 515
"../../../Chris/Content/StarterContent/Architecture/Wall_Door_400x400.uasset" 516
"../../../Chris/Content/StarterContent/Architecture/Wall_Window_400x400.uasset" 517
"../../../Chris/Content/StarterContent/Audio/Light01.uasset" 518
"../../../Chris/Content/StarterContent/Audio/Light01_Cue.uasset" 519
"../../../Chris/Content/StarterContent/Audio/Light02.uasset" 520
"../../../Chris/Content/StarterContent/Audio/Light02_Cue.uasset" 521
"../../../Chris/Content/StarterContent/Audio/Explosion01.uasset" 522
"../../../Chris/Content/StarterContent/Audio/Explosion02.uasset" 523
"../../../Chris/Content/StarterContent/Audio/Explosion_Cue.uasset" 524
"../../../Chris/Content/StarterContent/Textures/T_Burst_M.uasset" 525
"../../../Chris/Content/StarterContent/Particles/Materials/M_Burst.uasset" 526
"../../../Chris/Content/StarterContent/Textures/T_Explosion_SubUV.uasset" 527
"../../../Chris/Content/StarterContent/Particles/Materials/M_explosion_subUV.uasset" 528
"../../../Chris/Content/StarterContent/Particles/Materials/m_flare_01.uasset" 529
"../../../Chris/Content/StarterContent/Particles/Materials/M_radial_ramp.uasset" 530
"../../../Chris/Content/StarterContent/Particles/P_Explosion.uasset" 531
"../../../Chris/Content/StarterContent/Blueprints/Blueprint_Effect_Explosion.uasset" 532
"../../../Chris/Content/StarterContent/Materials/M_ColorGrid_LowSpec.uasset" 533
"../../../Chris/Content/StarterContent/Textures/T_Bush_D.uasset" 534
"../../../Chris/Content/StarterContent/Textures/T_Bush_N.uasset" 535
"../../../Chris/Content/StarterContent/Props/Materials/M_Bush.uasset" 536
"../../../Chris/Content/StarterContent/Props/SM_Bush.uasset" 537
"../../../Chris/Content/StarterContent/Props/SM_Couch.uasset" 538
"../../../Chris/Content/StarterContent/Textures/T_Door_M.uasset" 539
"../../../Chris/Content/StarterContent/Textures/T_Door_N.uasset" 540
"../../../Chris/Content/StarterContent/Props/Materials/M_Door.uasset" 541
"../../../Chris/Content/StarterContent/Props/SM_Door.uasset" 542
"../../../Chris/Content/StarterContent/Props/Materials/M_MaterialSphere.uasset" 543
"../../../Chris/Content/StarterContent/Props/Materials/M_MaterialSphere_Plain.uasset" 544
"../../../Chris/Content/StarterContent/Props/SM_MatPreviewMesh_02.uasset" 545
"../../../Chris/Content/StarterContent/Textures/T_Shelf_M.uasset" 546
"../../../Chris/Content/StarterContent/Textures/T_Shelf_N.uasset" 547
"../../../Chris/Content/StarterContent/Props/Materials/M_Shelf.uasset" 548
"../../../Chris/Content/StarterContent/Props/SM_Shelf.uasset" 549
"../../../Chris/Content/StarterContent/Props/SM_Stairs.uasset" 550
"../../../Chris/Content/StarterContent/Shapes/Shape_Cone.uasset" 551
"../../../Chris/Content/StarterContent/Shapes/Shape_Cylinder.uasset" 552
"../../../Chris/Content/StarterContent/Shapes/Shape_NarrowCapsule.uasset" 553
"../../../Chris/Content/StarterContent/Shapes/Shape_Pipe.uasset" 554
"../../../Chris/Content/StarterContent/Shapes/Shape_Pipe_180.uasset" 555
"../../../Chris/Content/StarterContent/Shapes/Shape_Pipe_90.uasset" 556
"../../../Chris/Content/StarterContent/Shapes/Shape_Plane.uasset" 557
"../../../Chris/Content/StarterContent/Shapes/Shape_Torus.uasset" 558
"../../../Chris/Content/StarterContent/Shapes/Shape_Trim.uasset" 559
"../../../Chris/Content/StarterContent/Shapes/Shape_Trim_90_In.uasset" 560
"../../../Chris/Content/StarterContent/Shapes/Shape_Trim_90_Out.uasset" 561
"../../../Chris/Content/StarterContent/Shapes/Shape_TriPyramid.uasset" 562
"../../../Chris/Content/StarterContent/Shapes/Shape_Tube.uasset" 563
"../../../Chris/Content/StarterContent/Shapes/Shape_Wedge_A.uasset" 564
"../../../Chris/Content/StarterContent/Shapes/Shape_Wedge_B.uasset" 565
